{"D:\\Adv Python\\practice_repo\\connect-drive-full\\backend\\src\\__tests__\\development-tooling.property.test.ts": {"path":"D:\\Adv Python\\practice_repo\\connect-drive-full\\backend\\src\\__tests__\\development-tooling.property.test.ts","statementMap":{"0":{"start":{"line":9,"column":0},"end":{"line":9,"column":67}},"1":{"start":{"line":10,"column":0},"end":{"line":10,"column":85}},"2":{"start":{"line":12,"column":0},"end":{"line":187,"column":3}},"3":{"start":{"line":15,"column":2},"end":{"line":17,"column":5}},"4":{"start":{"line":16,"column":4},"end":{"line":16,"column":58}},"5":{"start":{"line":19,"column":2},"end":{"line":158,"column":5}},"6":{"start":{"line":20,"column":4},"end":{"line":62,"column":7}},"7":{"start":{"line":21,"column":6},"end":{"line":61,"column":8}},"8":{"start":{"line":34,"column":26},"end":{"line":34,"column":44}},"9":{"start":{"line":35,"column":12},"end":{"line":35,"column":35}},"10":{"start":{"line":36,"column":12},"end":{"line":38,"column":13}},"11":{"start":{"line":37,"column":15},"end":{"line":37,"column":41}},"12":{"start":{"line":41,"column":28},"end":{"line":46,"column":14}},"13":{"start":{"line":49,"column":12},"end":{"line":51,"column":29}},"14":{"start":{"line":50,"column":14},"end":{"line":50,"column":65}},"15":{"start":{"line":54,"column":12},"end":{"line":54,"column":47}},"16":{"start":{"line":55,"column":12},"end":{"line":55,"column":48}},"17":{"start":{"line":56,"column":12},"end":{"line":58,"column":13}},"18":{"start":{"line":57,"column":14},"end":{"line":57,"column":53}},"19":{"start":{"line":64,"column":4},"end":{"line":115,"column":7}},"20":{"start":{"line":65,"column":6},"end":{"line":114,"column":8}},"21":{"start":{"line":78,"column":32},"end":{"line":88,"column":14}},"22":{"start":{"line":91,"column":28},"end":{"line":91,"column":85}},"23":{"start":{"line":94,"column":12},"end":{"line":96,"column":13}},"24":{"start":{"line":95,"column":14},"end":{"line":95,"column":49}},"25":{"start":{"line":97,"column":12},"end":{"line":99,"column":13}},"26":{"start":{"line":98,"column":14},"end":{"line":98,"column":49}},"27":{"start":{"line":100,"column":12},"end":{"line":102,"column":13}},"28":{"start":{"line":101,"column":14},"end":{"line":101,"column":50}},"29":{"start":{"line":103,"column":12},"end":{"line":105,"column":13}},"30":{"start":{"line":104,"column":14},"end":{"line":104,"column":56}},"31":{"start":{"line":106,"column":12},"end":{"line":108,"column":13}},"32":{"start":{"line":107,"column":14},"end":{"line":107,"column":42}},"33":{"start":{"line":109,"column":12},"end":{"line":111,"column":13}},"34":{"start":{"line":110,"column":14},"end":{"line":110,"column":50}},"35":{"start":{"line":117,"column":4},"end":{"line":157,"column":7}},"36":{"start":{"line":118,"column":6},"end":{"line":156,"column":8}},"37":{"start":{"line":131,"column":26},"end":{"line":131,"column":49}},"38":{"start":{"line":134,"column":33},"end":{"line":138,"column":14}},"39":{"start":{"line":141,"column":12},"end":{"line":143,"column":29}},"40":{"start":{"line":142,"column":14},"end":{"line":142,"column":70}},"41":{"start":{"line":146,"column":37},"end":{"line":149,"column":14}},"42":{"start":{"line":152,"column":12},"end":{"line":152,"column":69}},"43":{"start":{"line":153,"column":12},"end":{"line":153,"column":66}},"44":{"start":{"line":160,"column":2},"end":{"line":186,"column":5}},"45":{"start":{"line":161,"column":4},"end":{"line":173,"column":7}},"46":{"start":{"line":163,"column":6},"end":{"line":163,"column":51}},"47":{"start":{"line":164,"column":6},"end":{"line":164,"column":61}},"48":{"start":{"line":167,"column":22},"end":{"line":167,"column":50}},"49":{"start":{"line":168,"column":6},"end":{"line":168,"column":61}},"50":{"start":{"line":171,"column":6},"end":{"line":171,"column":58}},"51":{"start":{"line":172,"column":6},"end":{"line":172,"column":68}},"52":{"start":{"line":175,"column":4},"end":{"line":185,"column":7}},"53":{"start":{"line":176,"column":22},"end":{"line":176,"column":50}},"54":{"start":{"line":177,"column":24},"end":{"line":177,"column":47}},"55":{"start":{"line":180,"column":21},"end":{"line":180,"column":51}},"56":{"start":{"line":181,"column":6},"end":{"line":181,"column":45}},"57":{"start":{"line":184,"column":6},"end":{"line":184,"column":50}}},"fnMap":{"0":{"name":"(anonymous_0)","decl":{"start":{"line":12,"column":43},"end":{"line":12,"column":46}},"loc":{"start":{"line":12,"column":48},"end":{"line":187,"column":1}}},"1":{"name":"(anonymous_1)","decl":{"start":{"line":15,"column":13},"end":{"line":15,"column":16}},"loc":{"start":{"line":15,"column":18},"end":{"line":17,"column":3}}},"2":{"name":"(anonymous_2)","decl":{"start":{"line":19,"column":62},"end":{"line":19,"column":65}},"loc":{"start":{"line":19,"column":67},"end":{"line":158,"column":3}}},"3":{"name":"(anonymous_3)","decl":{"start":{"line":20,"column":82},"end":{"line":20,"column":85}},"loc":{"start":{"line":20,"column":87},"end":{"line":62,"column":5}}},"4":{"name":"(anonymous_4)","decl":{"start":{"line":32,"column":10},"end":{"line":32,"column":11}},"loc":{"start":{"line":32,"column":69},"end":{"line":59,"column":11}}},"5":{"name":"(anonymous_5)","decl":{"start":{"line":49,"column":19},"end":{"line":49,"column":22}},"loc":{"start":{"line":49,"column":24},"end":{"line":51,"column":13}}},"6":{"name":"(anonymous_6)","decl":{"start":{"line":64,"column":54},"end":{"line":64,"column":57}},"loc":{"start":{"line":64,"column":59},"end":{"line":115,"column":5}}},"7":{"name":"(anonymous_7)","decl":{"start":{"line":76,"column":10},"end":{"line":76,"column":11}},"loc":{"start":{"line":76,"column":57},"end":{"line":112,"column":11}}},"8":{"name":"(anonymous_8)","decl":{"start":{"line":117,"column":75},"end":{"line":117,"column":78}},"loc":{"start":{"line":117,"column":80},"end":{"line":157,"column":5}}},"9":{"name":"(anonymous_9)","decl":{"start":{"line":128,"column":10},"end":{"line":128,"column":11}},"loc":{"start":{"line":128,"column":44},"end":{"line":154,"column":11}}},"10":{"name":"(anonymous_10)","decl":{"start":{"line":141,"column":19},"end":{"line":141,"column":22}},"loc":{"start":{"line":141,"column":24},"end":{"line":143,"column":13}}},"11":{"name":"(anonymous_11)","decl":{"start":{"line":160,"column":33},"end":{"line":160,"column":36}},"loc":{"start":{"line":160,"column":38},"end":{"line":186,"column":3}}},"12":{"name":"(anonymous_12)","decl":{"start":{"line":161,"column":51},"end":{"line":161,"column":54}},"loc":{"start":{"line":161,"column":56},"end":{"line":173,"column":5}}},"13":{"name":"(anonymous_13)","decl":{"start":{"line":175,"column":58},"end":{"line":175,"column":63}},"loc":{"start":{"line":175,"column":69},"end":{"line":185,"column":5}}}},"branchMap":{"0":{"loc":{"start":{"line":36,"column":12},"end":{"line":38,"column":13}},"type":"if","locations":[{"start":{"line":36,"column":12},"end":{"line":38,"column":13}}]},"1":{"loc":{"start":{"line":42,"column":18},"end":{"line":42,"column":38}},"type":"binary-expr","locations":[{"start":{"line":42,"column":18},"end":{"line":42,"column":24}},{"start":{"line":42,"column":28},"end":{"line":42,"column":38}}]},"2":{"loc":{"start":{"line":43,"column":18},"end":{"line":43,"column":42}},"type":"binary-expr","locations":[{"start":{"line":43,"column":18},"end":{"line":43,"column":26}},{"start":{"line":43,"column":30},"end":{"line":43,"column":42}}]},"3":{"loc":{"start":{"line":44,"column":18},"end":{"line":44,"column":38}},"type":"binary-expr","locations":[{"start":{"line":44,"column":18},"end":{"line":44,"column":24}},{"start":{"line":44,"column":28},"end":{"line":44,"column":38}}]},"4":{"loc":{"start":{"line":56,"column":12},"end":{"line":58,"column":13}},"type":"if","locations":[{"start":{"line":56,"column":12},"end":{"line":58,"column":13}}]},"5":{"loc":{"start":{"line":87,"column":20},"end":{"line":87,"column":55}},"type":"cond-expr","locations":[{"start":{"line":87,"column":29},"end":{"line":87,"column":43}},{"start":{"line":87,"column":46},"end":{"line":87,"column":55}}]},"6":{"loc":{"start":{"line":94,"column":12},"end":{"line":96,"column":13}},"type":"if","locations":[{"start":{"line":94,"column":12},"end":{"line":96,"column":13}}]},"7":{"loc":{"start":{"line":97,"column":12},"end":{"line":99,"column":13}},"type":"if","locations":[{"start":{"line":97,"column":12},"end":{"line":99,"column":13}}]},"8":{"loc":{"start":{"line":100,"column":12},"end":{"line":102,"column":13}},"type":"if","locations":[{"start":{"line":100,"column":12},"end":{"line":102,"column":13}}]},"9":{"loc":{"start":{"line":103,"column":12},"end":{"line":105,"column":13}},"type":"if","locations":[{"start":{"line":103,"column":12},"end":{"line":105,"column":13}}]},"10":{"loc":{"start":{"line":106,"column":12},"end":{"line":108,"column":13}},"type":"if","locations":[{"start":{"line":106,"column":12},"end":{"line":108,"column":13}}]},"11":{"loc":{"start":{"line":109,"column":12},"end":{"line":111,"column":13}},"type":"if","locations":[{"start":{"line":109,"column":12},"end":{"line":111,"column":13}}]}},"s":{"0":0,"1":0,"2":0,"3":0,"4":0,"5":0,"6":0,"7":0,"8":0,"9":0,"10":0,"11":0,"12":0,"13":0,"14":0,"15":0,"16":0,"17":0,"18":0,"19":0,"20":0,"21":0,"22":0,"23":0,"24":0,"25":0,"26":0,"27":0,"28":0,"29":0,"30":0,"31":0,"32":0,"33":0,"34":0,"35":0,"36":0,"37":0,"38":0,"39":0,"40":0,"41":0,"42":0,"43":0,"44":0,"45":0,"46":0,"47":0,"48":0,"49":0,"50":0,"51":0,"52":0,"53":0,"54":0,"55":0,"56":0,"57":0},"f":{"0":0,"1":0,"2":0,"3":0,"4":0,"5":0,"6":0,"7":0,"8":0,"9":0,"10":0,"11":0,"12":0,"13":0},"b":{"0":[0],"1":[0,0],"2":[0,0],"3":[0,0],"4":[0],"5":[0,0],"6":[0],"7":[0],"8":[0],"9":[0],"10":[0],"11":[0]}}
,"D:\\Adv Python\\practice_repo\\connect-drive-full\\backend\\src\\auth\\auth.service.ts": {"path":"D:\\Adv Python\\practice_repo\\connect-drive-full\\backend\\src\\auth\\auth.service.ts","statementMap":{"0":{"start":{"line":1,"column":0},"end":{"line":1,"column":88}},"1":{"start":{"line":2,"column":0},"end":{"line":2,"column":37}},"2":{"start":{"line":3,"column":0},"end":{"line":3,"column":46}},"3":{"start":{"line":4,"column":0},"end":{"line":4,"column":63}},"4":{"start":{"line":5,"column":0},"end":{"line":5,"column":51}},"5":{"start":{"line":6,"column":0},"end":{"line":6,"column":33}},"6":{"start":{"line":7,"column":0},"end":{"line":7,"column":41}},"7":{"start":{"line":9,"column":0},"end":{"line":9,"column":47}},"8":{"start":{"line":10,"column":0},"end":{"line":10,"column":33}},"9":{"start":{"line":13,"column":7},"end":{"line":191,"column":null}},"10":{"start":{"line":15,"column":39},"end":{"line":15,"column":56}},"11":{"start":{"line":18,"column":36},"end":{"line":18,"column":43}},"12":{"start":{"line":19,"column":44},"end":{"line":19,"column":59}},"13":{"start":{"line":20,"column":12},"end":{"line":20,"column":17}},"14":{"start":{"line":21,"column":12},"end":{"line":21,"column":20}},"15":{"start":{"line":23,"column":4},"end":{"line":23,"column":72}},"16":{"start":{"line":28,"column":21},"end":{"line":28,"column":67}},"17":{"start":{"line":29,"column":4},"end":{"line":31,"column":5}},"18":{"start":{"line":30,"column":6},"end":{"line":30,"column":75}},"19":{"start":{"line":34,"column":17},"end":{"line":34,"column":61}},"20":{"start":{"line":37,"column":29},"end":{"line":37,"column":63}},"21":{"start":{"line":38,"column":17},"end":{"line":44,"column":13}},"22":{"start":{"line":46,"column":22},"end":{"line":46,"column":49}},"23":{"start":{"line":47,"column":22},"end":{"line":47,"column":73}},"24":{"start":{"line":49,"column":4},"end":{"line":51,"column":5}},"25":{"start":{"line":50,"column":6},"end":{"line":50,"column":61}},"26":{"start":{"line":54,"column":4},"end":{"line":54,"column":74}},"27":{"start":{"line":58,"column":17},"end":{"line":58,"column":63}},"28":{"start":{"line":59,"column":4},"end":{"line":59,"column":27}},"29":{"start":{"line":59,"column":15},"end":{"line":59,"column":27}},"30":{"start":{"line":61,"column":20},"end":{"line":61,"column":69}},"31":{"start":{"line":62,"column":4},"end":{"line":62,"column":30}},"32":{"start":{"line":62,"column":18},"end":{"line":62,"column":30}},"33":{"start":{"line":64,"column":4},"end":{"line":64,"column":16}},"34":{"start":{"line":68,"column":17},"end":{"line":68,"column":57}},"35":{"start":{"line":69,"column":4},"end":{"line":71,"column":5}},"36":{"start":{"line":70,"column":6},"end":{"line":70,"column":67}},"37":{"start":{"line":72,"column":4},"end":{"line":72,"column":69}},"38":{"start":{"line":77,"column":24},"end":{"line":80,"column":6}},"39":{"start":{"line":82,"column":4},"end":{"line":84,"column":5}},"40":{"start":{"line":83,"column":6},"end":{"line":83,"column":74}},"41":{"start":{"line":87,"column":4},"end":{"line":87,"column":33}},"42":{"start":{"line":88,"column":4},"end":{"line":88,"column":39}},"43":{"start":{"line":89,"column":4},"end":{"line":89,"column":47}},"44":{"start":{"line":92,"column":4},"end":{"line":92,"column":100}},"45":{"start":{"line":96,"column":17},"end":{"line":96,"column":68}},"46":{"start":{"line":97,"column":4},"end":{"line":99,"column":5}},"47":{"start":{"line":98,"column":6},"end":{"line":98,"column":56}},"48":{"start":{"line":100,"column":4},"end":{"line":100,"column":35}},"49":{"start":{"line":105,"column":4},"end":{"line":107,"column":5}},"50":{"start":{"line":106,"column":6},"end":{"line":106,"column":46}},"51":{"start":{"line":110,"column":4},"end":{"line":113,"column":6}},"52":{"start":{"line":118,"column":4},"end":{"line":118,"column":11}},"53":{"start":{"line":122,"column":4},"end":{"line":122,"column":45}},"54":{"start":{"line":127,"column":4},"end":{"line":129,"column":7}},"55":{"start":{"line":134,"column":4},"end":{"line":137,"column":6}},"56":{"start":{"line":146,"column":24},"end":{"line":148,"column":null}},"57":{"start":{"line":152,"column":30},"end":{"line":152,"column":68}},"58":{"start":{"line":155,"column":34},"end":{"line":160,"column":6}},"59":{"start":{"line":162,"column":4},"end":{"line":162,"column":58}},"60":{"start":{"line":162,"column":19},"end":{"line":162,"column":58}},"61":{"start":{"line":163,"column":4},"end":{"line":163,"column":58}},"62":{"start":{"line":163,"column":19},"end":{"line":163,"column":58}},"63":{"start":{"line":164,"column":4},"end":{"line":164,"column":72}},"64":{"start":{"line":164,"column":23},"end":{"line":164,"column":72}},"65":{"start":{"line":166,"column":31},"end":{"line":166,"column":81}},"66":{"start":{"line":168,"column":4},"end":{"line":168,"column":54}},"67":{"start":{"line":170,"column":4},"end":{"line":177,"column":6}},"68":{"start":{"line":181,"column":4},"end":{"line":189,"column":6}},"69":{"start":{"line":13,"column":13},"end":{"line":13,"column":24}},"70":{"start":{"line":13,"column":13},"end":{"line":191,"column":null}}},"fnMap":{"0":{"name":"(anonymous_4)","decl":{"start":{"line":17,"column":2},"end":{"line":17,"column":null}},"loc":{"start":{"line":21,"column":33},"end":{"line":24,"column":3}}},"1":{"name":"(anonymous_5)","decl":{"start":{"line":26,"column":2},"end":{"line":26,"column":7}},"loc":{"start":{"line":26,"column":110},"end":{"line":55,"column":3}}},"2":{"name":"(anonymous_6)","decl":{"start":{"line":57,"column":2},"end":{"line":57,"column":7}},"loc":{"start":{"line":57,"column":52},"end":{"line":65,"column":3}}},"3":{"name":"(anonymous_7)","decl":{"start":{"line":67,"column":2},"end":{"line":67,"column":7}},"loc":{"start":{"line":67,"column":85},"end":{"line":73,"column":3}}},"4":{"name":"(anonymous_8)","decl":{"start":{"line":75,"column":2},"end":{"line":75,"column":7}},"loc":{"start":{"line":75,"column":81},"end":{"line":93,"column":3}}},"5":{"name":"(anonymous_9)","decl":{"start":{"line":95,"column":2},"end":{"line":95,"column":7}},"loc":{"start":{"line":95,"column":37},"end":{"line":101,"column":3}}},"6":{"name":"(anonymous_10)","decl":{"start":{"line":103,"column":2},"end":{"line":103,"column":7}},"loc":{"start":{"line":103,"column":51},"end":{"line":119,"column":3}}},"7":{"name":"(anonymous_11)","decl":{"start":{"line":121,"column":2},"end":{"line":121,"column":20}},"loc":{"start":{"line":121,"column":34},"end":{"line":123,"column":3}}},"8":{"name":"(anonymous_12)","decl":{"start":{"line":125,"column":2},"end":{"line":125,"column":7}},"loc":{"start":{"line":125,"column":28},"end":{"line":130,"column":3}}},"9":{"name":"(anonymous_13)","decl":{"start":{"line":132,"column":2},"end":{"line":132,"column":7}},"loc":{"start":{"line":132,"column":42},"end":{"line":138,"column":3}}},"10":{"name":"(anonymous_14)","decl":{"start":{"line":140,"column":10},"end":{"line":140,"column":15}},"loc":{"start":{"line":144,"column":26},"end":{"line":178,"column":3}}},"11":{"name":"(anonymous_15)","decl":{"start":{"line":180,"column":10},"end":{"line":180,"column":22}},"loc":{"start":{"line":180,"column":33},"end":{"line":190,"column":3}}}},"branchMap":{"0":{"loc":{"start":{"line":29,"column":4},"end":{"line":31,"column":5}},"type":"if","locations":[{"start":{"line":29,"column":4},"end":{"line":31,"column":5}}]},"1":{"loc":{"start":{"line":37,"column":29},"end":{"line":37,"column":63}},"type":"binary-expr","locations":[{"start":{"line":37,"column":29},"end":{"line":37,"column":40}},{"start":{"line":37,"column":44},"end":{"line":37,"column":63}}]},"2":{"loc":{"start":{"line":47,"column":22},"end":{"line":47,"column":73}},"type":"cond-expr","locations":[{"start":{"line":47,"column":49},"end":{"line":47,"column":61}},{"start":{"line":47,"column":64},"end":{"line":47,"column":73}}]},"3":{"loc":{"start":{"line":49,"column":4},"end":{"line":51,"column":5}},"type":"if","locations":[{"start":{"line":49,"column":4},"end":{"line":51,"column":5}}]},"4":{"loc":{"start":{"line":59,"column":4},"end":{"line":59,"column":27}},"type":"if","locations":[{"start":{"line":59,"column":4},"end":{"line":59,"column":27}}]},"5":{"loc":{"start":{"line":62,"column":4},"end":{"line":62,"column":30}},"type":"if","locations":[{"start":{"line":62,"column":4},"end":{"line":62,"column":30}}]},"6":{"loc":{"start":{"line":69,"column":4},"end":{"line":71,"column":5}},"type":"if","locations":[{"start":{"line":69,"column":4},"end":{"line":71,"column":5}}]},"7":{"loc":{"start":{"line":82,"column":4},"end":{"line":84,"column":5}},"type":"if","locations":[{"start":{"line":82,"column":4},"end":{"line":84,"column":5}}]},"8":{"loc":{"start":{"line":82,"column":8},"end":{"line":82,"column":83}},"type":"binary-expr","locations":[{"start":{"line":82,"column":8},"end":{"line":82,"column":20}},{"start":{"line":82,"column":24},"end":{"line":82,"column":45}},{"start":{"line":82,"column":49},"end":{"line":82,"column":83}}]},"9":{"loc":{"start":{"line":97,"column":4},"end":{"line":99,"column":5}},"type":"if","locations":[{"start":{"line":97,"column":4},"end":{"line":99,"column":5}}]},"10":{"loc":{"start":{"line":105,"column":4},"end":{"line":107,"column":5}},"type":"if","locations":[{"start":{"line":105,"column":4},"end":{"line":107,"column":5}}]},"11":{"loc":{"start":{"line":162,"column":4},"end":{"line":162,"column":58}},"type":"if","locations":[{"start":{"line":162,"column":4},"end":{"line":162,"column":58}}]},"12":{"loc":{"start":{"line":163,"column":4},"end":{"line":163,"column":58}},"type":"if","locations":[{"start":{"line":163,"column":4},"end":{"line":163,"column":58}}]},"13":{"loc":{"start":{"line":164,"column":4},"end":{"line":164,"column":72}},"type":"if","locations":[{"start":{"line":164,"column":4},"end":{"line":164,"column":72}}]}},"s":{"0":1,"1":1,"2":1,"3":1,"4":1,"5":1,"6":1,"7":1,"8":1,"9":1,"10":8,"11":8,"12":8,"13":8,"14":8,"15":8,"16":130,"17":130,"18":100,"19":30,"20":13,"21":13,"22":13,"23":13,"24":13,"25":0,"26":13,"27":34,"28":34,"29":0,"30":34,"31":33,"32":13,"33":20,"34":34,"35":33,"36":13,"37":20,"38":114,"39":114,"40":114,"41":0,"42":0,"43":0,"44":0,"45":0,"46":0,"47":0,"48":0,"49":100,"50":100,"51":100,"52":100,"53":100,"54":0,"55":0,"56":33,"57":33,"58":33,"59":33,"60":0,"61":33,"62":0,"63":33,"64":0,"65":33,"66":33,"67":33,"68":0,"69":1,"70":1},"f":{"0":8,"1":130,"2":34,"3":34,"4":114,"5":0,"6":100,"7":100,"8":0,"9":0,"10":33,"11":0},"b":{"0":[100],"1":[13,13],"2":[0,13],"3":[0],"4":[0],"5":[13],"6":[13],"7":[114],"8":[114,0,0],"9":[0],"10":[100],"11":[0],"12":[0],"13":[0]}}
,"D:\\Adv Python\\practice_repo\\connect-drive-full\\backend\\src\\auth\\__tests__\\auth-login.property.test.ts": {"path":"D:\\Adv Python\\practice_repo\\connect-drive-full\\backend\\src\\auth\\__tests__\\auth-login.property.test.ts","statementMap":{"0":{"start":{"line":1,"column":0},"end":{"line":1,"column":54}},"1":{"start":{"line":2,"column":0},"end":{"line":2,"column":53}},"2":{"start":{"line":3,"column":0},"end":{"line":3,"column":41}},"3":{"start":{"line":4,"column":0},"end":{"line":4,"column":47}},"4":{"start":{"line":5,"column":0},"end":{"line":5,"column":33}},"5":{"start":{"line":6,"column":0},"end":{"line":6,"column":33}},"6":{"start":{"line":7,"column":0},"end":{"line":7,"column":46}},"7":{"start":{"line":8,"column":0},"end":{"line":8,"column":47}},"8":{"start":{"line":9,"column":0},"end":{"line":9,"column":64}},"9":{"start":{"line":17,"column":0},"end":{"line":212,"column":3}},"10":{"start":{"line":20,"column":29},"end":{"line":24,"column":4}},"11":{"start":{"line":26,"column":37},"end":{"line":32,"column":4}},"12":{"start":{"line":34,"column":25},"end":{"line":37,"column":4}},"13":{"start":{"line":39,"column":28},"end":{"line":44,"column":4}},"14":{"start":{"line":41,"column":6},"end":{"line":41,"column":50}},"15":{"start":{"line":41,"column":40},"end":{"line":41,"column":50}},"16":{"start":{"line":42,"column":6},"end":{"line":42,"column":26}},"17":{"start":{"line":46,"column":2},"end":{"line":73,"column":5}},"18":{"start":{"line":47,"column":34},"end":{"line":67,"column":16}},"19":{"start":{"line":69,"column":4},"end":{"line":69,"column":51}},"20":{"start":{"line":72,"column":4},"end":{"line":72,"column":58}},"21":{"start":{"line":75,"column":2},"end":{"line":77,"column":5}},"22":{"start":{"line":76,"column":4},"end":{"line":76,"column":25}},"23":{"start":{"line":79,"column":2},"end":{"line":150,"column":12}},"24":{"start":{"line":80,"column":4},"end":{"line":149,"column":6}},"25":{"start":{"line":85,"column":22},"end":{"line":85,"column":50}},"26":{"start":{"line":92,"column":33},"end":{"line":92,"column":64}},"27":{"start":{"line":93,"column":27},"end":{"line":102,"column":12}},"28":{"start":{"line":104,"column":10},"end":{"line":104,"column":65}},"29":{"start":{"line":106,"column":35},"end":{"line":114,"column":12}},"30":{"start":{"line":116,"column":10},"end":{"line":116,"column":78}},"31":{"start":{"line":117,"column":10},"end":{"line":117,"column":78}},"32":{"start":{"line":120,"column":25},"end":{"line":120,"column":83}},"33":{"start":{"line":123,"column":10},"end":{"line":123,"column":39}},"34":{"start":{"line":124,"column":10},"end":{"line":124,"column":46}},"35":{"start":{"line":125,"column":10},"end":{"line":125,"column":43}},"36":{"start":{"line":126,"column":10},"end":{"line":126,"column":55}},"37":{"start":{"line":127,"column":10},"end":{"line":127,"column":60}},"38":{"start":{"line":128,"column":10},"end":{"line":128,"column":52}},"39":{"start":{"line":129,"column":10},"end":{"line":129,"column":49}},"40":{"start":{"line":132,"column":10},"end":{"line":132,"column":88}},"41":{"start":{"line":135,"column":10},"end":{"line":143,"column":13}},"42":{"start":{"line":145,"column":10},"end":{"line":145,"column":69}},"43":{"start":{"line":152,"column":2},"end":{"line":185,"column":12}},"44":{"start":{"line":153,"column":4},"end":{"line":184,"column":6}},"45":{"start":{"line":158,"column":22},"end":{"line":158,"column":50}},"46":{"start":{"line":160,"column":22},"end":{"line":160,"column":50}},"47":{"start":{"line":161,"column":58},"end":{"line":161,"column":91}},"48":{"start":{"line":164,"column":33},"end":{"line":164,"column":71}},"49":{"start":{"line":165,"column":27},"end":{"line":169,"column":12}},"50":{"start":{"line":171,"column":10},"end":{"line":171,"column":65}},"51":{"start":{"line":174,"column":10},"end":{"line":176,"column":12}},"52":{"start":{"line":179,"column":10},"end":{"line":179,"column":75}},"53":{"start":{"line":180,"column":10},"end":{"line":180,"column":73}},"54":{"start":{"line":187,"column":2},"end":{"line":211,"column":12}},"55":{"start":{"line":188,"column":4},"end":{"line":210,"column":6}},"56":{"start":{"line":193,"column":22},"end":{"line":193,"column":50}},"57":{"start":{"line":197,"column":10},"end":{"line":197,"column":61}},"58":{"start":{"line":200,"column":10},"end":{"line":202,"column":12}},"59":{"start":{"line":205,"column":10},"end":{"line":205,"column":75}},"60":{"start":{"line":206,"column":10},"end":{"line":206,"column":73}}},"fnMap":{"0":{"name":"(anonymous_0)","decl":{"start":{"line":17,"column":34},"end":{"line":17,"column":37}},"loc":{"start":{"line":17,"column":39},"end":{"line":212,"column":1}}},"1":{"name":"(anonymous_1)","decl":{"start":{"line":40,"column":38},"end":{"line":40,"column":39}},"loc":{"start":{"line":40,"column":74},"end":{"line":43,"column":5}}},"2":{"name":"(anonymous_2)","decl":{"start":{"line":46,"column":13},"end":{"line":46,"column":18}},"loc":{"start":{"line":46,"column":24},"end":{"line":73,"column":3}}},"3":{"name":"(anonymous_3)","decl":{"start":{"line":75,"column":12},"end":{"line":75,"column":15}},"loc":{"start":{"line":75,"column":17},"end":{"line":77,"column":3}}},"4":{"name":"(anonymous_4)","decl":{"start":{"line":79,"column":41},"end":{"line":79,"column":46}},"loc":{"start":{"line":79,"column":52},"end":{"line":150,"column":3}}},"5":{"name":"(anonymous_5)","decl":{"start":{"line":85,"column":17},"end":{"line":85,"column":18}},"loc":{"start":{"line":85,"column":22},"end":{"line":85,"column":50}}},"6":{"name":"(anonymous_6)","decl":{"start":{"line":90,"column":8},"end":{"line":90,"column":13}},"loc":{"start":{"line":90,"column":73},"end":{"line":146,"column":9}}},"7":{"name":"(anonymous_7)","decl":{"start":{"line":152,"column":50},"end":{"line":152,"column":55}},"loc":{"start":{"line":152,"column":61},"end":{"line":185,"column":3}}},"8":{"name":"(anonymous_8)","decl":{"start":{"line":158,"column":17},"end":{"line":158,"column":18}},"loc":{"start":{"line":158,"column":22},"end":{"line":158,"column":50}}},"9":{"name":"(anonymous_9)","decl":{"start":{"line":160,"column":17},"end":{"line":160,"column":18}},"loc":{"start":{"line":160,"column":22},"end":{"line":160,"column":50}}},"10":{"name":"(anonymous_10)","decl":{"start":{"line":161,"column":18},"end":{"line":161,"column":19}},"loc":{"start":{"line":161,"column":58},"end":{"line":161,"column":91}}},"11":{"name":"(anonymous_11)","decl":{"start":{"line":162,"column":8},"end":{"line":162,"column":13}},"loc":{"start":{"line":162,"column":60},"end":{"line":181,"column":9}}},"12":{"name":"(anonymous_12)","decl":{"start":{"line":187,"column":48},"end":{"line":187,"column":53}},"loc":{"start":{"line":187,"column":59},"end":{"line":211,"column":3}}},"13":{"name":"(anonymous_13)","decl":{"start":{"line":193,"column":17},"end":{"line":193,"column":18}},"loc":{"start":{"line":193,"column":22},"end":{"line":193,"column":50}}},"14":{"name":"(anonymous_14)","decl":{"start":{"line":195,"column":8},"end":{"line":195,"column":13}},"loc":{"start":{"line":195,"column":38},"end":{"line":207,"column":9}}}},"branchMap":{"0":{"loc":{"start":{"line":41,"column":6},"end":{"line":41,"column":50}},"type":"if","locations":[{"start":{"line":41,"column":6},"end":{"line":41,"column":50}}]}},"s":{"0":0,"1":0,"2":0,"3":0,"4":0,"5":0,"6":0,"7":0,"8":0,"9":0,"10":0,"11":0,"12":0,"13":0,"14":0,"15":0,"16":0,"17":0,"18":0,"19":0,"20":0,"21":0,"22":0,"23":0,"24":0,"25":0,"26":0,"27":0,"28":0,"29":0,"30":0,"31":0,"32":0,"33":0,"34":0,"35":0,"36":0,"37":0,"38":0,"39":0,"40":0,"41":0,"42":0,"43":0,"44":0,"45":0,"46":0,"47":0,"48":0,"49":0,"50":0,"51":0,"52":0,"53":0,"54":0,"55":0,"56":0,"57":0,"58":0,"59":0,"60":0},"f":{"0":0,"1":0,"2":0,"3":0,"4":0,"5":0,"6":0,"7":0,"8":0,"9":0,"10":0,"11":0,"12":0,"13":0,"14":0},"b":{"0":[0]}}
,"D:\\Adv Python\\practice_repo\\connect-drive-full\\backend\\src\\auth\\__tests__\\auth-refresh.property.test.ts": {"path":"D:\\Adv Python\\practice_repo\\connect-drive-full\\backend\\src\\auth\\__tests__\\auth-refresh.property.test.ts","statementMap":{"0":{"start":{"line":1,"column":0},"end":{"line":1,"column":54}},"1":{"start":{"line":2,"column":0},"end":{"line":2,"column":53}},"2":{"start":{"line":3,"column":0},"end":{"line":3,"column":41}},"3":{"start":{"line":4,"column":0},"end":{"line":4,"column":47}},"4":{"start":{"line":5,"column":0},"end":{"line":5,"column":33}},"5":{"start":{"line":6,"column":0},"end":{"line":6,"column":46}},"6":{"start":{"line":7,"column":0},"end":{"line":7,"column":47}},"7":{"start":{"line":8,"column":0},"end":{"line":8,"column":64}},"8":{"start":{"line":16,"column":0},"end":{"line":261,"column":3}},"9":{"start":{"line":19,"column":29},"end":{"line":23,"column":4}},"10":{"start":{"line":25,"column":37},"end":{"line":31,"column":4}},"11":{"start":{"line":33,"column":25},"end":{"line":36,"column":4}},"12":{"start":{"line":38,"column":28},"end":{"line":43,"column":4}},"13":{"start":{"line":40,"column":6},"end":{"line":40,"column":50}},"14":{"start":{"line":40,"column":40},"end":{"line":40,"column":50}},"15":{"start":{"line":41,"column":6},"end":{"line":41,"column":26}},"16":{"start":{"line":45,"column":2},"end":{"line":72,"column":5}},"17":{"start":{"line":46,"column":34},"end":{"line":66,"column":16}},"18":{"start":{"line":68,"column":4},"end":{"line":68,"column":51}},"19":{"start":{"line":71,"column":4},"end":{"line":71,"column":58}},"20":{"start":{"line":74,"column":2},"end":{"line":76,"column":5}},"21":{"start":{"line":75,"column":4},"end":{"line":75,"column":25}},"22":{"start":{"line":78,"column":2},"end":{"line":174,"column":12}},"23":{"start":{"line":79,"column":4},"end":{"line":173,"column":6}},"24":{"start":{"line":91,"column":27},"end":{"line":99,"column":12}},"25":{"start":{"line":102,"column":34},"end":{"line":112,"column":12}},"26":{"start":{"line":114,"column":10},"end":{"line":114,"column":80}},"27":{"start":{"line":115,"column":10},"end":{"line":119,"column":13}},"28":{"start":{"line":122,"column":38},"end":{"line":131,"column":12}},"29":{"start":{"line":133,"column":10},"end":{"line":133,"column":81}},"30":{"start":{"line":134,"column":10},"end":{"line":134,"column":85}},"31":{"start":{"line":137,"column":25},"end":{"line":137,"column":87}},"32":{"start":{"line":140,"column":10},"end":{"line":140,"column":39}},"33":{"start":{"line":141,"column":10},"end":{"line":141,"column":41}},"34":{"start":{"line":142,"column":10},"end":{"line":142,"column":43}},"35":{"start":{"line":143,"column":10},"end":{"line":143,"column":55}},"36":{"start":{"line":144,"column":10},"end":{"line":144,"column":60}},"37":{"start":{"line":145,"column":10},"end":{"line":145,"column":52}},"38":{"start":{"line":146,"column":10},"end":{"line":146,"column":49}},"39":{"start":{"line":149,"column":10},"end":{"line":152,"column":13}},"40":{"start":{"line":155,"column":10},"end":{"line":159,"column":13}},"41":{"start":{"line":162,"column":10},"end":{"line":169,"column":12}},"42":{"start":{"line":176,"column":2},"end":{"line":206,"column":12}},"43":{"start":{"line":177,"column":4},"end":{"line":205,"column":6}},"44":{"start":{"line":185,"column":34},"end":{"line":191,"column":12}},"45":{"start":{"line":193,"column":10},"end":{"line":193,"column":80}},"46":{"start":{"line":196,"column":10},"end":{"line":198,"column":12}},"47":{"start":{"line":201,"column":10},"end":{"line":201,"column":75}},"48":{"start":{"line":208,"column":2},"end":{"line":239,"column":12}},"49":{"start":{"line":209,"column":4},"end":{"line":238,"column":6}},"50":{"start":{"line":217,"column":34},"end":{"line":224,"column":12}},"51":{"start":{"line":226,"column":10},"end":{"line":226,"column":80}},"52":{"start":{"line":229,"column":10},"end":{"line":231,"column":12}},"53":{"start":{"line":234,"column":10},"end":{"line":234,"column":75}},"54":{"start":{"line":241,"column":2},"end":{"line":260,"column":12}},"55":{"start":{"line":242,"column":4},"end":{"line":259,"column":6}},"56":{"start":{"line":247,"column":10},"end":{"line":247,"column":69}},"57":{"start":{"line":250,"column":10},"end":{"line":252,"column":12}},"58":{"start":{"line":255,"column":10},"end":{"line":255,"column":75}}},"fnMap":{"0":{"name":"(anonymous_0)","decl":{"start":{"line":16,"column":42},"end":{"line":16,"column":45}},"loc":{"start":{"line":16,"column":47},"end":{"line":261,"column":1}}},"1":{"name":"(anonymous_1)","decl":{"start":{"line":39,"column":38},"end":{"line":39,"column":39}},"loc":{"start":{"line":39,"column":74},"end":{"line":42,"column":5}}},"2":{"name":"(anonymous_2)","decl":{"start":{"line":45,"column":13},"end":{"line":45,"column":18}},"loc":{"start":{"line":45,"column":24},"end":{"line":72,"column":3}}},"3":{"name":"(anonymous_3)","decl":{"start":{"line":74,"column":12},"end":{"line":74,"column":15}},"loc":{"start":{"line":74,"column":17},"end":{"line":76,"column":3}}},"4":{"name":"(anonymous_4)","decl":{"start":{"line":78,"column":44},"end":{"line":78,"column":49}},"loc":{"start":{"line":78,"column":55},"end":{"line":174,"column":3}}},"5":{"name":"(anonymous_5)","decl":{"start":{"line":89,"column":8},"end":{"line":89,"column":13}},"loc":{"start":{"line":89,"column":85},"end":{"line":170,"column":9}}},"6":{"name":"(anonymous_6)","decl":{"start":{"line":176,"column":52},"end":{"line":176,"column":57}},"loc":{"start":{"line":176,"column":63},"end":{"line":206,"column":3}}},"7":{"name":"(anonymous_7)","decl":{"start":{"line":183,"column":8},"end":{"line":183,"column":13}},"loc":{"start":{"line":183,"column":43},"end":{"line":202,"column":9}}},"8":{"name":"(anonymous_8)","decl":{"start":{"line":208,"column":52},"end":{"line":208,"column":57}},"loc":{"start":{"line":208,"column":63},"end":{"line":239,"column":3}}},"9":{"name":"(anonymous_9)","decl":{"start":{"line":215,"column":8},"end":{"line":215,"column":13}},"loc":{"start":{"line":215,"column":43},"end":{"line":235,"column":9}}},"10":{"name":"(anonymous_10)","decl":{"start":{"line":241,"column":57},"end":{"line":241,"column":62}},"loc":{"start":{"line":241,"column":68},"end":{"line":260,"column":3}}},"11":{"name":"(anonymous_11)","decl":{"start":{"line":245,"column":8},"end":{"line":245,"column":13}},"loc":{"start":{"line":245,"column":31},"end":{"line":256,"column":9}}}},"branchMap":{"0":{"loc":{"start":{"line":40,"column":6},"end":{"line":40,"column":50}},"type":"if","locations":[{"start":{"line":40,"column":6},"end":{"line":40,"column":50}}]}},"s":{"0":0,"1":0,"2":0,"3":0,"4":0,"5":0,"6":0,"7":0,"8":0,"9":0,"10":0,"11":0,"12":0,"13":0,"14":0,"15":0,"16":0,"17":0,"18":0,"19":0,"20":0,"21":0,"22":0,"23":0,"24":0,"25":0,"26":0,"27":0,"28":0,"29":0,"30":0,"31":0,"32":0,"33":0,"34":0,"35":0,"36":0,"37":0,"38":0,"39":0,"40":0,"41":0,"42":0,"43":0,"44":0,"45":0,"46":0,"47":0,"48":0,"49":0,"50":0,"51":0,"52":0,"53":0,"54":0,"55":0,"56":0,"57":0,"58":0},"f":{"0":0,"1":0,"2":0,"3":0,"4":0,"5":0,"6":0,"7":0,"8":0,"9":0,"10":0,"11":0},"b":{"0":[0]}}
,"D:\\Adv Python\\practice_repo\\connect-drive-full\\backend\\src\\auth\\__tests__\\auth-registration.property.test.ts": {"path":"D:\\Adv Python\\practice_repo\\connect-drive-full\\backend\\src\\auth\\__tests__\\auth-registration.property.test.ts","statementMap":{"0":{"start":{"line":1,"column":0},"end":{"line":1,"column":54}},"1":{"start":{"line":2,"column":0},"end":{"line":2,"column":53}},"2":{"start":{"line":3,"column":0},"end":{"line":3,"column":41}},"3":{"start":{"line":4,"column":0},"end":{"line":4,"column":47}},"4":{"start":{"line":5,"column":0},"end":{"line":5,"column":33}},"5":{"start":{"line":6,"column":0},"end":{"line":6,"column":46}},"6":{"start":{"line":7,"column":0},"end":{"line":7,"column":47}},"7":{"start":{"line":8,"column":0},"end":{"line":8,"column":64}},"8":{"start":{"line":16,"column":0},"end":{"line":193,"column":3}},"9":{"start":{"line":19,"column":29},"end":{"line":23,"column":4}},"10":{"start":{"line":25,"column":37},"end":{"line":31,"column":4}},"11":{"start":{"line":33,"column":25},"end":{"line":36,"column":4}},"12":{"start":{"line":38,"column":28},"end":{"line":43,"column":4}},"13":{"start":{"line":40,"column":6},"end":{"line":40,"column":50}},"14":{"start":{"line":40,"column":40},"end":{"line":40,"column":50}},"15":{"start":{"line":41,"column":6},"end":{"line":41,"column":26}},"16":{"start":{"line":45,"column":2},"end":{"line":72,"column":5}},"17":{"start":{"line":46,"column":34},"end":{"line":66,"column":16}},"18":{"start":{"line":68,"column":4},"end":{"line":68,"column":51}},"19":{"start":{"line":71,"column":4},"end":{"line":71,"column":58}},"20":{"start":{"line":74,"column":2},"end":{"line":76,"column":5}},"21":{"start":{"line":75,"column":4},"end":{"line":75,"column":25}},"22":{"start":{"line":78,"column":2},"end":{"line":159,"column":12}},"23":{"start":{"line":79,"column":4},"end":{"line":158,"column":6}},"24":{"start":{"line":84,"column":22},"end":{"line":84,"column":50}},"25":{"start":{"line":85,"column":27},"end":{"line":85,"column":89}},"26":{"start":{"line":92,"column":10},"end":{"line":92,"column":61}},"27":{"start":{"line":94,"column":27},"end":{"line":103,"column":12}},"28":{"start":{"line":105,"column":10},"end":{"line":105,"column":62}},"29":{"start":{"line":106,"column":10},"end":{"line":106,"column":62}},"30":{"start":{"line":108,"column":35},"end":{"line":116,"column":12}},"31":{"start":{"line":118,"column":10},"end":{"line":118,"column":78}},"32":{"start":{"line":119,"column":10},"end":{"line":119,"column":78}},"33":{"start":{"line":122,"column":25},"end":{"line":122,"column":99}},"34":{"start":{"line":125,"column":10},"end":{"line":125,"column":39}},"35":{"start":{"line":126,"column":10},"end":{"line":126,"column":46}},"36":{"start":{"line":127,"column":10},"end":{"line":127,"column":43}},"37":{"start":{"line":128,"column":10},"end":{"line":128,"column":78}},"38":{"start":{"line":129,"column":10},"end":{"line":129,"column":60}},"39":{"start":{"line":130,"column":10},"end":{"line":130,"column":52}},"40":{"start":{"line":131,"column":10},"end":{"line":131,"column":49}},"41":{"start":{"line":134,"column":10},"end":{"line":140,"column":13}},"42":{"start":{"line":142,"column":10},"end":{"line":142,"column":73}},"43":{"start":{"line":145,"column":10},"end":{"line":152,"column":12}},"44":{"start":{"line":154,"column":10},"end":{"line":154,"column":69}},"45":{"start":{"line":161,"column":2},"end":{"line":192,"column":5}},"46":{"start":{"line":162,"column":4},"end":{"line":191,"column":6}},"47":{"start":{"line":167,"column":22},"end":{"line":167,"column":50}},"48":{"start":{"line":168,"column":27},"end":{"line":168,"column":89}},"49":{"start":{"line":172,"column":31},"end":{"line":176,"column":12}},"50":{"start":{"line":178,"column":10},"end":{"line":178,"column":69}},"51":{"start":{"line":181,"column":10},"end":{"line":183,"column":12}},"52":{"start":{"line":186,"column":10},"end":{"line":186,"column":67}},"53":{"start":{"line":187,"column":10},"end":{"line":187,"column":65}}},"fnMap":{"0":{"name":"(anonymous_0)","decl":{"start":{"line":16,"column":41},"end":{"line":16,"column":44}},"loc":{"start":{"line":16,"column":46},"end":{"line":193,"column":1}}},"1":{"name":"(anonymous_1)","decl":{"start":{"line":39,"column":38},"end":{"line":39,"column":39}},"loc":{"start":{"line":39,"column":74},"end":{"line":42,"column":5}}},"2":{"name":"(anonymous_2)","decl":{"start":{"line":45,"column":13},"end":{"line":45,"column":18}},"loc":{"start":{"line":45,"column":24},"end":{"line":72,"column":3}}},"3":{"name":"(anonymous_3)","decl":{"start":{"line":74,"column":12},"end":{"line":74,"column":15}},"loc":{"start":{"line":74,"column":17},"end":{"line":76,"column":3}}},"4":{"name":"(anonymous_4)","decl":{"start":{"line":78,"column":46},"end":{"line":78,"column":51}},"loc":{"start":{"line":78,"column":57},"end":{"line":159,"column":3}}},"5":{"name":"(anonymous_5)","decl":{"start":{"line":84,"column":17},"end":{"line":84,"column":18}},"loc":{"start":{"line":84,"column":22},"end":{"line":84,"column":50}}},"6":{"name":"(anonymous_6)","decl":{"start":{"line":85,"column":20},"end":{"line":85,"column":23}},"loc":{"start":{"line":85,"column":27},"end":{"line":85,"column":89}}},"7":{"name":"(anonymous_7)","decl":{"start":{"line":90,"column":8},"end":{"line":90,"column":13}},"loc":{"start":{"line":90,"column":73},"end":{"line":155,"column":9}}},"8":{"name":"(anonymous_8)","decl":{"start":{"line":161,"column":59},"end":{"line":161,"column":64}},"loc":{"start":{"line":161,"column":70},"end":{"line":192,"column":3}}},"9":{"name":"(anonymous_9)","decl":{"start":{"line":167,"column":17},"end":{"line":167,"column":18}},"loc":{"start":{"line":167,"column":22},"end":{"line":167,"column":50}}},"10":{"name":"(anonymous_10)","decl":{"start":{"line":168,"column":20},"end":{"line":168,"column":23}},"loc":{"start":{"line":168,"column":27},"end":{"line":168,"column":89}}},"11":{"name":"(anonymous_11)","decl":{"start":{"line":170,"column":8},"end":{"line":170,"column":13}},"loc":{"start":{"line":170,"column":38},"end":{"line":188,"column":9}}}},"branchMap":{"0":{"loc":{"start":{"line":40,"column":6},"end":{"line":40,"column":50}},"type":"if","locations":[{"start":{"line":40,"column":6},"end":{"line":40,"column":50}}]},"1":{"loc":{"start":{"line":85,"column":27},"end":{"line":85,"column":89}},"type":"binary-expr","locations":[{"start":{"line":85,"column":27},"end":{"line":85,"column":42}},{"start":{"line":85,"column":46},"end":{"line":85,"column":89}}]},"2":{"loc":{"start":{"line":97,"column":25},"end":{"line":97,"column":59}},"type":"binary-expr","locations":[{"start":{"line":97,"column":25},"end":{"line":97,"column":36}},{"start":{"line":97,"column":40},"end":{"line":97,"column":59}}]},"3":{"loc":{"start":{"line":128,"column":42},"end":{"line":128,"column":76}},"type":"binary-expr","locations":[{"start":{"line":128,"column":42},"end":{"line":128,"column":53}},{"start":{"line":128,"column":57},"end":{"line":128,"column":76}}]},"4":{"loc":{"start":{"line":137,"column":25},"end":{"line":137,"column":59}},"type":"binary-expr","locations":[{"start":{"line":137,"column":25},"end":{"line":137,"column":36}},{"start":{"line":137,"column":40},"end":{"line":137,"column":59}}]},"5":{"loc":{"start":{"line":168,"column":27},"end":{"line":168,"column":89}},"type":"binary-expr","locations":[{"start":{"line":168,"column":27},"end":{"line":168,"column":42}},{"start":{"line":168,"column":46},"end":{"line":168,"column":89}}]}},"s":{"0":0,"1":0,"2":0,"3":0,"4":0,"5":0,"6":0,"7":0,"8":0,"9":0,"10":0,"11":0,"12":0,"13":0,"14":0,"15":0,"16":0,"17":0,"18":0,"19":0,"20":0,"21":0,"22":0,"23":0,"24":0,"25":0,"26":0,"27":0,"28":0,"29":0,"30":0,"31":0,"32":0,"33":0,"34":0,"35":0,"36":0,"37":0,"38":0,"39":0,"40":0,"41":0,"42":0,"43":0,"44":0,"45":0,"46":0,"47":0,"48":0,"49":0,"50":0,"51":0,"52":0,"53":0},"f":{"0":0,"1":0,"2":0,"3":0,"4":0,"5":0,"6":0,"7":0,"8":0,"9":0,"10":0,"11":0},"b":{"0":[0],"1":[0,0],"2":[0,0],"3":[0,0],"4":[0,0],"5":[0,0]}}
,"D:\\Adv Python\\practice_repo\\connect-drive-full\\backend\\src\\auth\\__tests__\\auth-security.property.test.ts": {"path":"D:\\Adv Python\\practice_repo\\connect-drive-full\\backend\\src\\auth\\__tests__\\auth-security.property.test.ts","statementMap":{"0":{"start":{"line":1,"column":0},"end":{"line":1,"column":54}},"1":{"start":{"line":2,"column":0},"end":{"line":2,"column":53}},"2":{"start":{"line":3,"column":0},"end":{"line":3,"column":41}},"3":{"start":{"line":4,"column":0},"end":{"line":4,"column":47}},"4":{"start":{"line":5,"column":0},"end":{"line":5,"column":33}},"5":{"start":{"line":6,"column":0},"end":{"line":6,"column":33}},"6":{"start":{"line":7,"column":0},"end":{"line":7,"column":46}},"7":{"start":{"line":8,"column":0},"end":{"line":8,"column":47}},"8":{"start":{"line":9,"column":0},"end":{"line":9,"column":64}},"9":{"start":{"line":19,"column":0},"end":{"line":242,"column":3}},"10":{"start":{"line":22,"column":29},"end":{"line":26,"column":4}},"11":{"start":{"line":28,"column":37},"end":{"line":34,"column":4}},"12":{"start":{"line":36,"column":25},"end":{"line":39,"column":4}},"13":{"start":{"line":41,"column":28},"end":{"line":46,"column":4}},"14":{"start":{"line":43,"column":6},"end":{"line":43,"column":50}},"15":{"start":{"line":43,"column":40},"end":{"line":43,"column":50}},"16":{"start":{"line":44,"column":6},"end":{"line":44,"column":26}},"17":{"start":{"line":48,"column":2},"end":{"line":75,"column":5}},"18":{"start":{"line":49,"column":34},"end":{"line":69,"column":16}},"19":{"start":{"line":71,"column":4},"end":{"line":71,"column":51}},"20":{"start":{"line":74,"column":4},"end":{"line":74,"column":58}},"21":{"start":{"line":77,"column":2},"end":{"line":79,"column":5}},"22":{"start":{"line":78,"column":4},"end":{"line":78,"column":25}},"23":{"start":{"line":81,"column":2},"end":{"line":138,"column":12}},"24":{"start":{"line":82,"column":4},"end":{"line":137,"column":6}},"25":{"start":{"line":87,"column":22},"end":{"line":87,"column":50}},"26":{"start":{"line":92,"column":10},"end":{"line":92,"column":60}},"27":{"start":{"line":95,"column":10},"end":{"line":95,"column":61}},"28":{"start":{"line":98,"column":10},"end":{"line":101,"column":13}},"29":{"start":{"line":99,"column":12},"end":{"line":99,"column":36}},"30":{"start":{"line":100,"column":12},"end":{"line":100,"column":50}},"31":{"start":{"line":103,"column":10},"end":{"line":103,"column":86}},"32":{"start":{"line":103,"column":63},"end":{"line":103,"column":84}},"33":{"start":{"line":105,"column":35},"end":{"line":108,"column":12}},"34":{"start":{"line":110,"column":10},"end":{"line":110,"column":78}},"35":{"start":{"line":111,"column":10},"end":{"line":111,"column":78}},"36":{"start":{"line":114,"column":10},"end":{"line":114,"column":50}},"37":{"start":{"line":117,"column":10},"end":{"line":117,"column":45}},"38":{"start":{"line":118,"column":10},"end":{"line":118,"column":58}},"39":{"start":{"line":119,"column":10},"end":{"line":119,"column":63}},"40":{"start":{"line":122,"column":10},"end":{"line":122,"column":67}},"41":{"start":{"line":125,"column":26},"end":{"line":125,"column":83}},"42":{"start":{"line":126,"column":10},"end":{"line":126,"column":37}},"43":{"start":{"line":129,"column":28},"end":{"line":129,"column":95}},"44":{"start":{"line":130,"column":10},"end":{"line":130,"column":40}},"45":{"start":{"line":133,"column":10},"end":{"line":133,"column":87}},"46":{"start":{"line":140,"column":2},"end":{"line":190,"column":12}},"47":{"start":{"line":141,"column":4},"end":{"line":189,"column":6}},"48":{"start":{"line":147,"column":22},"end":{"line":147,"column":50}},"49":{"start":{"line":148,"column":42},"end":{"line":148,"column":59}},"50":{"start":{"line":151,"column":10},"end":{"line":151,"column":52}},"51":{"start":{"line":152,"column":10},"end":{"line":152,"column":61}},"52":{"start":{"line":154,"column":39},"end":{"line":154,"column":41}},"53":{"start":{"line":155,"column":10},"end":{"line":159,"column":13}},"54":{"start":{"line":156,"column":25},"end":{"line":156,"column":76}},"55":{"start":{"line":157,"column":12},"end":{"line":157,"column":37}},"56":{"start":{"line":158,"column":12},"end":{"line":158,"column":24}},"57":{"start":{"line":161,"column":10},"end":{"line":161,"column":86}},"58":{"start":{"line":161,"column":63},"end":{"line":161,"column":84}},"59":{"start":{"line":163,"column":35},"end":{"line":163,"column":91}},"60":{"start":{"line":164,"column":10},"end":{"line":164,"column":78}},"61":{"start":{"line":165,"column":10},"end":{"line":165,"column":78}},"62":{"start":{"line":168,"column":10},"end":{"line":173,"column":11}},"63":{"start":{"line":169,"column":12},"end":{"line":169,"column":53}},"64":{"start":{"line":170,"column":12},"end":{"line":170,"column":53}},"65":{"start":{"line":176,"column":10},"end":{"line":176,"column":48}},"66":{"start":{"line":177,"column":10},"end":{"line":177,"column":62}},"67":{"start":{"line":178,"column":10},"end":{"line":178,"column":62}},"68":{"start":{"line":179,"column":10},"end":{"line":179,"column":88}},"69":{"start":{"line":182,"column":27},"end":{"line":182,"column":88}},"70":{"start":{"line":183,"column":27},"end":{"line":183,"column":88}},"71":{"start":{"line":184,"column":10},"end":{"line":184,"column":38}},"72":{"start":{"line":185,"column":10},"end":{"line":185,"column":38}},"73":{"start":{"line":192,"column":2},"end":{"line":241,"column":12}},"74":{"start":{"line":196,"column":4},"end":{"line":240,"column":6}},"75":{"start":{"line":201,"column":22},"end":{"line":201,"column":50}},"76":{"start":{"line":205,"column":10},"end":{"line":205,"column":52}},"77":{"start":{"line":206,"column":10},"end":{"line":206,"column":61}},"78":{"start":{"line":208,"column":27},"end":{"line":212,"column":12}},"79":{"start":{"line":214,"column":10},"end":{"line":214,"column":62}},"80":{"start":{"line":215,"column":10},"end":{"line":215,"column":62}},"81":{"start":{"line":217,"column":35},"end":{"line":217,"column":91}},"82":{"start":{"line":218,"column":10},"end":{"line":218,"column":78}},"83":{"start":{"line":219,"column":10},"end":{"line":219,"column":78}},"84":{"start":{"line":223,"column":31},"end":{"line":223,"column":83}},"85":{"start":{"line":223,"column":67},"end":{"line":223,"column":82}},"86":{"start":{"line":224,"column":27},"end":{"line":225,"column":null}},"87":{"start":{"line":225,"column":12},"end":{"line":225,"column":51}},"88":{"start":{"line":229,"column":26},"end":{"line":229,"column":60}},"89":{"start":{"line":233,"column":10},"end":{"line":236,"column":13}},"90":{"start":{"line":235,"column":12},"end":{"line":235,"column":52}}},"fnMap":{"0":{"name":"(anonymous_0)","decl":{"start":{"line":19,"column":37},"end":{"line":19,"column":40}},"loc":{"start":{"line":19,"column":42},"end":{"line":242,"column":1}}},"1":{"name":"(anonymous_1)","decl":{"start":{"line":42,"column":38},"end":{"line":42,"column":39}},"loc":{"start":{"line":42,"column":74},"end":{"line":45,"column":5}}},"2":{"name":"(anonymous_2)","decl":{"start":{"line":48,"column":13},"end":{"line":48,"column":18}},"loc":{"start":{"line":48,"column":24},"end":{"line":75,"column":3}}},"3":{"name":"(anonymous_3)","decl":{"start":{"line":77,"column":12},"end":{"line":77,"column":15}},"loc":{"start":{"line":77,"column":17},"end":{"line":79,"column":3}}},"4":{"name":"(anonymous_4)","decl":{"start":{"line":81,"column":39},"end":{"line":81,"column":44}},"loc":{"start":{"line":81,"column":50},"end":{"line":138,"column":3}}},"5":{"name":"(anonymous_5)","decl":{"start":{"line":87,"column":17},"end":{"line":87,"column":18}},"loc":{"start":{"line":87,"column":22},"end":{"line":87,"column":50}}},"6":{"name":"(anonymous_6)","decl":{"start":{"line":90,"column":8},"end":{"line":90,"column":13}},"loc":{"start":{"line":90,"column":50},"end":{"line":134,"column":9}}},"7":{"name":"(anonymous_7)","decl":{"start":{"line":98,"column":55},"end":{"line":98,"column":56}},"loc":{"start":{"line":98,"column":68},"end":{"line":101,"column":11}}},"8":{"name":"(anonymous_8)","decl":{"start":{"line":103,"column":53},"end":{"line":103,"column":54}},"loc":{"start":{"line":103,"column":63},"end":{"line":103,"column":84}}},"9":{"name":"(anonymous_9)","decl":{"start":{"line":140,"column":56},"end":{"line":140,"column":61}},"loc":{"start":{"line":140,"column":67},"end":{"line":190,"column":3}}},"10":{"name":"(anonymous_10)","decl":{"start":{"line":147,"column":17},"end":{"line":147,"column":18}},"loc":{"start":{"line":147,"column":22},"end":{"line":147,"column":50}}},"11":{"name":"(anonymous_11)","decl":{"start":{"line":148,"column":18},"end":{"line":148,"column":19}},"loc":{"start":{"line":148,"column":42},"end":{"line":148,"column":59}}},"12":{"name":"(anonymous_12)","decl":{"start":{"line":149,"column":8},"end":{"line":149,"column":13}},"loc":{"start":{"line":149,"column":47},"end":{"line":186,"column":9}}},"13":{"name":"(anonymous_13)","decl":{"start":{"line":155,"column":55},"end":{"line":155,"column":56}},"loc":{"start":{"line":155,"column":68},"end":{"line":159,"column":11}}},"14":{"name":"(anonymous_14)","decl":{"start":{"line":161,"column":53},"end":{"line":161,"column":54}},"loc":{"start":{"line":161,"column":63},"end":{"line":161,"column":84}}},"15":{"name":"(anonymous_15)","decl":{"start":{"line":192,"column":49},"end":{"line":192,"column":54}},"loc":{"start":{"line":192,"column":60},"end":{"line":241,"column":3}}},"16":{"name":"(anonymous_16)","decl":{"start":{"line":201,"column":17},"end":{"line":201,"column":18}},"loc":{"start":{"line":201,"column":22},"end":{"line":201,"column":50}}},"17":{"name":"(anonymous_17)","decl":{"start":{"line":203,"column":8},"end":{"line":203,"column":13}},"loc":{"start":{"line":203,"column":38},"end":{"line":237,"column":9}}},"18":{"name":"(anonymous_18)","decl":{"start":{"line":223,"column":57},"end":{"line":223,"column":58}},"loc":{"start":{"line":223,"column":67},"end":{"line":223,"column":82}}},"19":{"name":"(anonymous_19)","decl":{"start":{"line":224,"column":44},"end":{"line":224,"column":55}},"loc":{"start":{"line":225,"column":12},"end":{"line":225,"column":51}}},"20":{"name":"(anonymous_20)","decl":{"start":{"line":233,"column":26},"end":{"line":233,"column":27}},"loc":{"start":{"line":233,"column":37},"end":{"line":236,"column":11}}}},"branchMap":{"0":{"loc":{"start":{"line":43,"column":6},"end":{"line":43,"column":50}},"type":"if","locations":[{"start":{"line":43,"column":6},"end":{"line":43,"column":50}}]}},"s":{"0":0,"1":0,"2":0,"3":0,"4":0,"5":0,"6":0,"7":0,"8":0,"9":0,"10":0,"11":0,"12":0,"13":0,"14":0,"15":0,"16":0,"17":0,"18":0,"19":0,"20":0,"21":0,"22":0,"23":0,"24":0,"25":0,"26":0,"27":0,"28":0,"29":0,"30":0,"31":0,"32":0,"33":0,"34":0,"35":0,"36":0,"37":0,"38":0,"39":0,"40":0,"41":0,"42":0,"43":0,"44":0,"45":0,"46":0,"47":0,"48":0,"49":0,"50":0,"51":0,"52":0,"53":0,"54":0,"55":0,"56":0,"57":0,"58":0,"59":0,"60":0,"61":0,"62":0,"63":0,"64":0,"65":0,"66":0,"67":0,"68":0,"69":0,"70":0,"71":0,"72":0,"73":0,"74":0,"75":0,"76":0,"77":0,"78":0,"79":0,"80":0,"81":0,"82":0,"83":0,"84":0,"85":0,"86":0,"87":0,"88":0,"89":0,"90":0},"f":{"0":0,"1":0,"2":0,"3":0,"4":0,"5":0,"6":0,"7":0,"8":0,"9":0,"10":0,"11":0,"12":0,"13":0,"14":0,"15":0,"16":0,"17":0,"18":0,"19":0,"20":0},"b":{"0":[0]}}
,"D:\\Adv Python\\practice_repo\\connect-drive-full\\backend\\src\\auth\\entities\\refresh-token.entity.ts": {"path":"D:\\Adv Python\\practice_repo\\connect-drive-full\\backend\\src\\auth\\entities\\refresh-token.entity.ts","statementMap":{"0":{"start":{"line":1,"column":0},"end":{"line":1,"column":null}},"1":{"start":{"line":9,"column":0},"end":{"line":9,"column":37}},"2":{"start":{"line":14,"column":7},"end":{"line":47,"column":null}},"3":{"start":{"line":14,"column":13},"end":{"line":14,"column":25}},"4":{"start":{"line":16,"column":2},"end":{"line":16,"column":null}},"5":{"start":{"line":19,"column":2},"end":{"line":19,"column":null}},"6":{"start":{"line":22,"column":2},"end":{"line":22,"column":null}},"7":{"start":{"line":25,"column":2},"end":{"line":25,"column":null}},"8":{"start":{"line":24,"column":19},"end":{"line":24,"column":23}},"9":{"start":{"line":28,"column":2},"end":{"line":28,"column":null}},"10":{"start":{"line":31,"column":2},"end":{"line":31,"column":null}},"11":{"start":{"line":34,"column":2},"end":{"line":34,"column":null}},"12":{"start":{"line":37,"column":2},"end":{"line":37,"column":null}},"13":{"start":{"line":40,"column":2},"end":{"line":40,"column":null}},"14":{"start":{"line":43,"column":2},"end":{"line":43,"column":null}},"15":{"start":{"line":46,"column":2},"end":{"line":46,"column":null}},"16":{"start":{"line":14,"column":13},"end":{"line":47,"column":null}}},"fnMap":{"0":{"name":"(anonymous_2)","decl":{"start":{"line":24,"column":13},"end":{"line":24,"column":16}},"loc":{"start":{"line":24,"column":19},"end":{"line":24,"column":23}}}},"branchMap":{},"s":{"0":1,"1":1,"2":1,"3":1,"4":1,"5":1,"6":1,"7":1,"8":0,"9":1,"10":1,"11":1,"12":1,"13":1,"14":1,"15":1,"16":1},"f":{"0":0},"b":{}}
,"D:\\Adv Python\\practice_repo\\connect-drive-full\\backend\\src\\auth\\entities\\user.entity.ts": {"path":"D:\\Adv Python\\practice_repo\\connect-drive-full\\backend\\src\\auth\\entities\\user.entity.ts","statementMap":{"0":{"start":{"line":1,"column":0},"end":{"line":1,"column":null}},"1":{"start":{"line":9,"column":0},"end":{"line":9,"column":62}},"2":{"start":{"line":10,"column":0},"end":{"line":10,"column":60}},"3":{"start":{"line":11,"column":0},"end":{"line":11,"column":58}},"4":{"start":{"line":14,"column":7},"end":{"line":48,"column":null}},"5":{"start":{"line":14,"column":13},"end":{"line":14,"column":17}},"6":{"start":{"line":16,"column":2},"end":{"line":16,"column":null}},"7":{"start":{"line":19,"column":2},"end":{"line":19,"column":null}},"8":{"start":{"line":22,"column":2},"end":{"line":22,"column":null}},"9":{"start":{"line":25,"column":2},"end":{"line":25,"column":null}},"10":{"start":{"line":28,"column":2},"end":{"line":28,"column":null}},"11":{"start":{"line":31,"column":2},"end":{"line":31,"column":null}},"12":{"start":{"line":34,"column":2},"end":{"line":34,"column":null}},"13":{"start":{"line":37,"column":2},"end":{"line":37,"column":null}},"14":{"start":{"line":41,"column":2},"end":{"line":41,"column":null}},"15":{"start":{"line":40,"column":19},"end":{"line":40,"column":29}},"16":{"start":{"line":40,"column":41},"end":{"line":40,"column":51}},"17":{"start":{"line":44,"column":2},"end":{"line":44,"column":null}},"18":{"start":{"line":43,"column":19},"end":{"line":43,"column":25}},"19":{"start":{"line":43,"column":39},"end":{"line":43,"column":51}},"20":{"start":{"line":47,"column":2},"end":{"line":47,"column":null}},"21":{"start":{"line":46,"column":19},"end":{"line":46,"column":24}},"22":{"start":{"line":46,"column":37},"end":{"line":46,"column":52}},"23":{"start":{"line":14,"column":13},"end":{"line":48,"column":null}}},"fnMap":{"0":{"name":"(anonymous_2)","decl":{"start":{"line":40,"column":13},"end":{"line":40,"column":16}},"loc":{"start":{"line":40,"column":19},"end":{"line":40,"column":29}}},"1":{"name":"(anonymous_3)","decl":{"start":{"line":40,"column":31},"end":{"line":40,"column":32}},"loc":{"start":{"line":40,"column":41},"end":{"line":40,"column":51}}},"2":{"name":"(anonymous_4)","decl":{"start":{"line":43,"column":13},"end":{"line":43,"column":16}},"loc":{"start":{"line":43,"column":19},"end":{"line":43,"column":25}}},"3":{"name":"(anonymous_5)","decl":{"start":{"line":43,"column":27},"end":{"line":43,"column":28}},"loc":{"start":{"line":43,"column":39},"end":{"line":43,"column":51}}},"4":{"name":"(anonymous_6)","decl":{"start":{"line":46,"column":13},"end":{"line":46,"column":16}},"loc":{"start":{"line":46,"column":19},"end":{"line":46,"column":24}}},"5":{"name":"(anonymous_7)","decl":{"start":{"line":46,"column":26},"end":{"line":46,"column":27}},"loc":{"start":{"line":46,"column":37},"end":{"line":46,"column":52}}}},"branchMap":{},"s":{"0":1,"1":1,"2":1,"3":1,"4":1,"5":1,"6":1,"7":1,"8":1,"9":1,"10":1,"11":1,"12":1,"13":1,"14":1,"15":0,"16":0,"17":1,"18":0,"19":0,"20":1,"21":0,"22":0,"23":1},"f":{"0":0,"1":0,"2":0,"3":0,"4":0,"5":0},"b":{}}
,"D:\\Adv Python\\practice_repo\\connect-drive-full\\backend\\src\\common\\dtos\\index.ts": {"path":"D:\\Adv Python\\practice_repo\\connect-drive-full\\backend\\src\\common\\dtos\\index.ts","statementMap":{"0":{"start":{"line":2,"column":0},"end":{"line":2,"column":27}},"1":{"start":{"line":5,"column":0},"end":{"line":5,"column":27}},"2":{"start":{"line":8,"column":0},"end":{"line":8,"column":29}},"3":{"start":{"line":11,"column":0},"end":{"line":11,"column":28}},"4":{"start":{"line":14,"column":0},"end":{"line":14,"column":30}},"5":{"start":{"line":17,"column":0},"end":{"line":17,"column":29}}},"fnMap":{},"branchMap":{},"s":{"0":0,"1":0,"2":0,"3":0,"4":0,"5":0},"f":{},"b":{}}
,"D:\\Adv Python\\practice_repo\\connect-drive-full\\backend\\src\\common\\services\\error-monitoring.service.ts": {"path":"D:\\Adv Python\\practice_repo\\connect-drive-full\\backend\\src\\common\\services\\error-monitoring.service.ts","statementMap":{"0":{"start":{"line":1,"column":0},"end":{"line":1,"column":52}},"1":{"start":{"line":20,"column":35},"end":{"line":104,"column":null}},"2":{"start":{"line":21,"column":28},"end":{"line":21,"column":67}},"3":{"start":{"line":25,"column":4},"end":{"line":25,"column":62}},"4":{"start":{"line":40,"column":37},"end":{"line":48,"column":6}},"5":{"start":{"line":51,"column":4},"end":{"line":59,"column":7}},"6":{"start":{"line":61,"column":4},"end":{"line":68,"column":5}},"7":{"start":{"line":62,"column":6},"end":{"line":67,"column":7}},"8":{"start":{"line":64,"column":8},"end":{"line":64,"column":56}},"9":{"start":{"line":66,"column":8},"end":{"line":66,"column":89}},"10":{"start":{"line":72,"column":4},"end":{"line":72,"column":74}},"11":{"start":{"line":78,"column":4},"end":{"line":83,"column":7}},"12":{"start":{"line":95,"column":4},"end":{"line":102,"column":6}},"13":{"start":{"line":20,"column":13},"end":{"line":20,"column":35}},"14":{"start":{"line":20,"column":13},"end":{"line":104,"column":null}}},"fnMap":{"0":{"name":"(anonymous_2)","decl":{"start":{"line":24,"column":2},"end":{"line":24,"column":null}},"loc":{"start":{"line":24,"column":2},"end":{"line":26,"column":3}}},"1":{"name":"(anonymous_3)","decl":{"start":{"line":28,"column":2},"end":{"line":28,"column":7}},"loc":{"start":{"line":38,"column":10},"end":{"line":69,"column":3}}},"2":{"name":"(anonymous_4)","decl":{"start":{"line":71,"column":10},"end":{"line":71,"column":25}},"loc":{"start":{"line":71,"column":25},"end":{"line":73,"column":3}}},"3":{"name":"(anonymous_5)","decl":{"start":{"line":75,"column":10},"end":{"line":75,"column":15}},"loc":{"start":{"line":75,"column":64},"end":{"line":84,"column":3}}},"4":{"name":"(anonymous_6)","decl":{"start":{"line":87,"column":2},"end":{"line":87,"column":23}},"loc":{"start":{"line":87,"column":36},"end":{"line":103,"column":3}}}},"branchMap":{"0":{"loc":{"start":{"line":30,"column":4},"end":{"line":38,"column":10}},"type":"default-arg","locations":[{"start":{"line":38,"column":8},"end":{"line":38,"column":10}}]},"1":{"loc":{"start":{"line":43,"column":13},"end":{"line":43,"column":50}},"type":"binary-expr","locations":[{"start":{"line":43,"column":13},"end":{"line":43,"column":31}},{"start":{"line":43,"column":35},"end":{"line":43,"column":50}}]},"2":{"loc":{"start":{"line":61,"column":4},"end":{"line":68,"column":5}},"type":"if","locations":[{"start":{"line":61,"column":4},"end":{"line":68,"column":5}}]},"3":{"loc":{"start":{"line":96,"column":17},"end":{"line":96,"column":64}},"type":"binary-expr","locations":[{"start":{"line":96,"column":17},"end":{"line":96,"column":27}},{"start":{"line":96,"column":31},"end":{"line":96,"column":64}}]},"4":{"loc":{"start":{"line":97,"column":16},"end":{"line":97,"column":43}},"type":"binary-expr","locations":[{"start":{"line":97,"column":16},"end":{"line":97,"column":27}},{"start":{"line":97,"column":31},"end":{"line":97,"column":43}}]},"5":{"loc":{"start":{"line":100,"column":10},"end":{"line":100,"column":57}},"type":"binary-expr","locations":[{"start":{"line":100,"column":10},"end":{"line":100,"column":20}},{"start":{"line":100,"column":24},"end":{"line":100,"column":57}}]}},"s":{"0":0,"1":0,"2":0,"3":0,"4":0,"5":0,"6":0,"7":0,"8":0,"9":0,"10":0,"11":0,"12":0,"13":0,"14":0},"f":{"0":0,"1":0,"2":0,"3":0,"4":0},"b":{"0":[0],"1":[0,0],"2":[0],"3":[0,0],"4":[0,0],"5":[0,0]}}
,"D:\\Adv Python\\practice_repo\\connect-drive-full\\backend\\src\\files\\files.module.ts": {"path":"D:\\Adv Python\\practice_repo\\connect-drive-full\\backend\\src\\files\\files.module.ts","statementMap":{"0":{"start":{"line":1,"column":0},"end":{"line":1,"column":40}},"1":{"start":{"line":2,"column":0},"end":{"line":2,"column":48}},"2":{"start":{"line":3,"column":0},"end":{"line":3,"column":52}},"3":{"start":{"line":4,"column":0},"end":{"line":4,"column":50}},"4":{"start":{"line":5,"column":0},"end":{"line":5,"column":48}},"5":{"start":{"line":6,"column":0},"end":{"line":6,"column":56}},"6":{"start":{"line":7,"column":0},"end":{"line":7,"column":57}},"7":{"start":{"line":8,"column":0},"end":{"line":8,"column":52}},"8":{"start":{"line":9,"column":0},"end":{"line":9,"column":47}},"9":{"start":{"line":10,"column":0},"end":{"line":10,"column":53}},"10":{"start":{"line":11,"column":0},"end":{"line":11,"column":51}},"11":{"start":{"line":12,"column":0},"end":{"line":12,"column":57}},"12":{"start":{"line":13,"column":0},"end":{"line":13,"column":49}},"13":{"start":{"line":14,"column":0},"end":{"line":14,"column":55}},"14":{"start":{"line":15,"column":0},"end":{"line":15,"column":51}},"15":{"start":{"line":16,"column":0},"end":{"line":16,"column":57}},"16":{"start":{"line":17,"column":0},"end":{"line":17,"column":52}},"17":{"start":{"line":18,"column":0},"end":{"line":18,"column":66}},"18":{"start":{"line":19,"column":0},"end":{"line":19,"column":60}},"19":{"start":{"line":20,"column":0},"end":{"line":20,"column":66}},"20":{"start":{"line":51,"column":7},"end":{"line":51,"column":null}},"21":{"start":{"line":51,"column":13},"end":{"line":51,"column":24}},"22":{"start":{"line":51,"column":13},"end":{"line":51,"column":null}}},"fnMap":{},"branchMap":{},"s":{"0":0,"1":0,"2":0,"3":0,"4":0,"5":0,"6":0,"7":0,"8":0,"9":0,"10":0,"11":0,"12":0,"13":0,"14":0,"15":0,"16":0,"17":0,"18":0,"19":0,"20":0,"21":0,"22":0},"f":{},"b":{}}
,"D:\\Adv Python\\practice_repo\\connect-drive-full\\backend\\src\\files\\entities\\file.entity.ts": {"path":"D:\\Adv Python\\practice_repo\\connect-drive-full\\backend\\src\\files\\entities\\file.entity.ts","statementMap":{"0":{"start":{"line":1,"column":0},"end":{"line":1,"column":null}},"1":{"start":{"line":11,"column":0},"end":{"line":11,"column":55}},"2":{"start":{"line":12,"column":0},"end":{"line":12,"column":41}},"3":{"start":{"line":13,"column":0},"end":{"line":13,"column":47}},"4":{"start":{"line":14,"column":0},"end":{"line":14,"column":39}},"5":{"start":{"line":15,"column":0},"end":{"line":15,"column":48}},"6":{"start":{"line":18,"column":7},"end":{"line":72,"column":null}},"7":{"start":{"line":18,"column":13},"end":{"line":18,"column":23}},"8":{"start":{"line":20,"column":2},"end":{"line":20,"column":null}},"9":{"start":{"line":23,"column":2},"end":{"line":23,"column":null}},"10":{"start":{"line":26,"column":2},"end":{"line":26,"column":null}},"11":{"start":{"line":29,"column":2},"end":{"line":29,"column":16}},"12":{"start":{"line":32,"column":2},"end":{"line":32,"column":null}},"13":{"start":{"line":35,"column":2},"end":{"line":35,"column":null}},"14":{"start":{"line":38,"column":2},"end":{"line":38,"column":null}},"15":{"start":{"line":41,"column":2},"end":{"line":41,"column":null}},"16":{"start":{"line":44,"column":2},"end":{"line":44,"column":null}},"17":{"start":{"line":47,"column":2},"end":{"line":47,"column":null}},"18":{"start":{"line":50,"column":2},"end":{"line":50,"column":null}},"19":{"start":{"line":53,"column":2},"end":{"line":53,"column":null}},"20":{"start":{"line":58,"column":2},"end":{"line":58,"column":null}},"21":{"start":{"line":56,"column":19},"end":{"line":56,"column":23}},"22":{"start":{"line":56,"column":35},"end":{"line":56,"column":45}},"23":{"start":{"line":62,"column":2},"end":{"line":62,"column":null}},"24":{"start":{"line":60,"column":19},"end":{"line":60,"column":25}},"25":{"start":{"line":60,"column":39},"end":{"line":60,"column":51}},"26":{"start":{"line":65,"column":2},"end":{"line":65,"column":null}},"27":{"start":{"line":64,"column":19},"end":{"line":64,"column":30}},"28":{"start":{"line":64,"column":45},"end":{"line":64,"column":57}},"29":{"start":{"line":68,"column":2},"end":{"line":68,"column":null}},"30":{"start":{"line":67,"column":19},"end":{"line":67,"column":24}},"31":{"start":{"line":67,"column":37},"end":{"line":67,"column":47}},"32":{"start":{"line":71,"column":2},"end":{"line":71,"column":null}},"33":{"start":{"line":70,"column":19},"end":{"line":70,"column":31}},"34":{"start":{"line":70,"column":46},"end":{"line":70,"column":58}},"35":{"start":{"line":18,"column":13},"end":{"line":72,"column":null}}},"fnMap":{"0":{"name":"(anonymous_2)","decl":{"start":{"line":56,"column":13},"end":{"line":56,"column":16}},"loc":{"start":{"line":56,"column":19},"end":{"line":56,"column":23}}},"1":{"name":"(anonymous_3)","decl":{"start":{"line":56,"column":25},"end":{"line":56,"column":26}},"loc":{"start":{"line":56,"column":35},"end":{"line":56,"column":45}}},"2":{"name":"(anonymous_4)","decl":{"start":{"line":60,"column":13},"end":{"line":60,"column":16}},"loc":{"start":{"line":60,"column":19},"end":{"line":60,"column":25}}},"3":{"name":"(anonymous_5)","decl":{"start":{"line":60,"column":27},"end":{"line":60,"column":28}},"loc":{"start":{"line":60,"column":39},"end":{"line":60,"column":51}}},"4":{"name":"(anonymous_6)","decl":{"start":{"line":64,"column":13},"end":{"line":64,"column":16}},"loc":{"start":{"line":64,"column":19},"end":{"line":64,"column":30}}},"5":{"name":"(anonymous_7)","decl":{"start":{"line":64,"column":32},"end":{"line":64,"column":33}},"loc":{"start":{"line":64,"column":45},"end":{"line":64,"column":57}}},"6":{"name":"(anonymous_8)","decl":{"start":{"line":67,"column":13},"end":{"line":67,"column":16}},"loc":{"start":{"line":67,"column":19},"end":{"line":67,"column":24}}},"7":{"name":"(anonymous_9)","decl":{"start":{"line":67,"column":26},"end":{"line":67,"column":27}},"loc":{"start":{"line":67,"column":37},"end":{"line":67,"column":47}}},"8":{"name":"(anonymous_10)","decl":{"start":{"line":70,"column":13},"end":{"line":70,"column":16}},"loc":{"start":{"line":70,"column":19},"end":{"line":70,"column":31}}},"9":{"name":"(anonymous_11)","decl":{"start":{"line":70,"column":33},"end":{"line":70,"column":34}},"loc":{"start":{"line":70,"column":46},"end":{"line":70,"column":58}}}},"branchMap":{},"s":{"0":1,"1":1,"2":1,"3":1,"4":1,"5":1,"6":1,"7":1,"8":1,"9":1,"10":1,"11":1,"12":1,"13":1,"14":1,"15":1,"16":1,"17":1,"18":1,"19":1,"20":1,"21":0,"22":0,"23":1,"24":0,"25":0,"26":1,"27":0,"28":0,"29":1,"30":0,"31":0,"32":1,"33":0,"34":0,"35":1},"f":{"0":0,"1":0,"2":0,"3":0,"4":0,"5":0,"6":0,"7":0,"8":0,"9":0},"b":{}}
,"D:\\Adv Python\\practice_repo\\connect-drive-full\\backend\\src\\files\\entities\\folder.entity.ts": {"path":"D:\\Adv Python\\practice_repo\\connect-drive-full\\backend\\src\\files\\entities\\folder.entity.ts","statementMap":{"0":{"start":{"line":1,"column":0},"end":{"line":1,"column":null}},"1":{"start":{"line":11,"column":0},"end":{"line":11,"column":55}},"2":{"start":{"line":12,"column":0},"end":{"line":12,"column":43}},"3":{"start":{"line":15,"column":7},"end":{"line":54,"column":null}},"4":{"start":{"line":15,"column":13},"end":{"line":15,"column":19}},"5":{"start":{"line":17,"column":2},"end":{"line":17,"column":null}},"6":{"start":{"line":20,"column":2},"end":{"line":20,"column":null}},"7":{"start":{"line":23,"column":2},"end":{"line":23,"column":null}},"8":{"start":{"line":26,"column":2},"end":{"line":26,"column":null}},"9":{"start":{"line":29,"column":2},"end":{"line":29,"column":null}},"10":{"start":{"line":32,"column":2},"end":{"line":32,"column":null}},"11":{"start":{"line":35,"column":2},"end":{"line":35,"column":null}},"12":{"start":{"line":38,"column":2},"end":{"line":38,"column":null}},"13":{"start":{"line":43,"column":2},"end":{"line":43,"column":null}},"14":{"start":{"line":41,"column":19},"end":{"line":41,"column":23}},"15":{"start":{"line":41,"column":35},"end":{"line":41,"column":47}},"16":{"start":{"line":47,"column":2},"end":{"line":47,"column":null}},"17":{"start":{"line":45,"column":19},"end":{"line":45,"column":25}},"18":{"start":{"line":45,"column":39},"end":{"line":45,"column":54}},"19":{"start":{"line":50,"column":2},"end":{"line":50,"column":null}},"20":{"start":{"line":49,"column":19},"end":{"line":49,"column":25}},"21":{"start":{"line":49,"column":39},"end":{"line":49,"column":52}},"22":{"start":{"line":53,"column":2},"end":{"line":53,"column":null}},"23":{"start":{"line":52,"column":19},"end":{"line":52,"column":29}},"24":{"start":{"line":52,"column":41},"end":{"line":52,"column":52}},"25":{"start":{"line":15,"column":13},"end":{"line":54,"column":null}}},"fnMap":{"0":{"name":"(anonymous_2)","decl":{"start":{"line":41,"column":13},"end":{"line":41,"column":16}},"loc":{"start":{"line":41,"column":19},"end":{"line":41,"column":23}}},"1":{"name":"(anonymous_3)","decl":{"start":{"line":41,"column":25},"end":{"line":41,"column":26}},"loc":{"start":{"line":41,"column":35},"end":{"line":41,"column":47}}},"2":{"name":"(anonymous_4)","decl":{"start":{"line":45,"column":13},"end":{"line":45,"column":16}},"loc":{"start":{"line":45,"column":19},"end":{"line":45,"column":25}}},"3":{"name":"(anonymous_5)","decl":{"start":{"line":45,"column":27},"end":{"line":45,"column":28}},"loc":{"start":{"line":45,"column":39},"end":{"line":45,"column":54}}},"4":{"name":"(anonymous_6)","decl":{"start":{"line":49,"column":13},"end":{"line":49,"column":16}},"loc":{"start":{"line":49,"column":19},"end":{"line":49,"column":25}}},"5":{"name":"(anonymous_7)","decl":{"start":{"line":49,"column":27},"end":{"line":49,"column":28}},"loc":{"start":{"line":49,"column":39},"end":{"line":49,"column":52}}},"6":{"name":"(anonymous_8)","decl":{"start":{"line":52,"column":13},"end":{"line":52,"column":16}},"loc":{"start":{"line":52,"column":19},"end":{"line":52,"column":29}}},"7":{"name":"(anonymous_9)","decl":{"start":{"line":52,"column":31},"end":{"line":52,"column":32}},"loc":{"start":{"line":52,"column":41},"end":{"line":52,"column":52}}}},"branchMap":{},"s":{"0":1,"1":1,"2":1,"3":1,"4":1,"5":1,"6":1,"7":1,"8":1,"9":1,"10":1,"11":1,"12":1,"13":1,"14":0,"15":0,"16":1,"17":0,"18":0,"19":1,"20":0,"21":0,"22":1,"23":0,"24":0,"25":1},"f":{"0":0,"1":0,"2":0,"3":0,"4":0,"5":0,"6":0,"7":0},"b":{}}
,"D:\\Adv Python\\practice_repo\\connect-drive-full\\backend\\src\\files\\entities\\recycle.entity.ts": {"path":"D:\\Adv Python\\practice_repo\\connect-drive-full\\backend\\src\\files\\entities\\recycle.entity.ts","statementMap":{"0":{"start":{"line":1,"column":0},"end":{"line":1,"column":null}},"1":{"start":{"line":9,"column":0},"end":{"line":9,"column":43}},"2":{"start":{"line":10,"column":0},"end":{"line":10,"column":41}},"3":{"start":{"line":13,"column":7},"end":{"line":55,"column":null}},"4":{"start":{"line":13,"column":13},"end":{"line":13,"column":25}},"5":{"start":{"line":15,"column":2},"end":{"line":15,"column":null}},"6":{"start":{"line":18,"column":2},"end":{"line":18,"column":null}},"7":{"start":{"line":21,"column":2},"end":{"line":21,"column":null}},"8":{"start":{"line":24,"column":2},"end":{"line":24,"column":null}},"9":{"start":{"line":27,"column":2},"end":{"line":27,"column":null}},"10":{"start":{"line":30,"column":2},"end":{"line":30,"column":null}},"11":{"start":{"line":33,"column":2},"end":{"line":33,"column":null}},"12":{"start":{"line":36,"column":2},"end":{"line":36,"column":null}},"13":{"start":{"line":39,"column":2},"end":{"line":39,"column":null}},"14":{"start":{"line":42,"column":2},"end":{"line":42,"column":null}},"15":{"start":{"line":45,"column":2},"end":{"line":45,"column":20}},"16":{"start":{"line":50,"column":2},"end":{"line":50,"column":null}},"17":{"start":{"line":48,"column":19},"end":{"line":48,"column":29}},"18":{"start":{"line":48,"column":41},"end":{"line":48,"column":60}},"19":{"start":{"line":54,"column":2},"end":{"line":54,"column":null}},"20":{"start":{"line":52,"column":19},"end":{"line":52,"column":25}},"21":{"start":{"line":13,"column":13},"end":{"line":55,"column":null}}},"fnMap":{"0":{"name":"(anonymous_2)","decl":{"start":{"line":48,"column":13},"end":{"line":48,"column":16}},"loc":{"start":{"line":48,"column":19},"end":{"line":48,"column":29}}},"1":{"name":"(anonymous_3)","decl":{"start":{"line":48,"column":31},"end":{"line":48,"column":32}},"loc":{"start":{"line":48,"column":41},"end":{"line":48,"column":60}}},"2":{"name":"(anonymous_4)","decl":{"start":{"line":52,"column":13},"end":{"line":52,"column":16}},"loc":{"start":{"line":52,"column":19},"end":{"line":52,"column":25}}}},"branchMap":{},"s":{"0":1,"1":1,"2":1,"3":1,"4":1,"5":1,"6":1,"7":1,"8":1,"9":1,"10":1,"11":1,"12":1,"13":1,"14":1,"15":1,"16":1,"17":0,"18":0,"19":1,"20":0,"21":1},"f":{"0":0,"1":0,"2":0},"b":{}}
,"D:\\Adv Python\\practice_repo\\connect-drive-full\\backend\\src\\files\\entities\\share.entity.ts": {"path":"D:\\Adv Python\\practice_repo\\connect-drive-full\\backend\\src\\files\\entities\\share.entity.ts","statementMap":{"0":{"start":{"line":1,"column":0},"end":{"line":1,"column":null}},"1":{"start":{"line":9,"column":0},"end":{"line":9,"column":55}},"2":{"start":{"line":10,"column":0},"end":{"line":10,"column":43}},"3":{"start":{"line":11,"column":0},"end":{"line":11,"column":41}},"4":{"start":{"line":14,"column":7},"end":{"line":57,"column":null}},"5":{"start":{"line":14,"column":13},"end":{"line":14,"column":18}},"6":{"start":{"line":16,"column":2},"end":{"line":16,"column":null}},"7":{"start":{"line":19,"column":2},"end":{"line":19,"column":null}},"8":{"start":{"line":22,"column":2},"end":{"line":22,"column":null}},"9":{"start":{"line":25,"column":2},"end":{"line":25,"column":null}},"10":{"start":{"line":28,"column":2},"end":{"line":28,"column":null}},"11":{"start":{"line":31,"column":2},"end":{"line":31,"column":null}},"12":{"start":{"line":34,"column":2},"end":{"line":34,"column":null}},"13":{"start":{"line":37,"column":2},"end":{"line":37,"column":null}},"14":{"start":{"line":40,"column":2},"end":{"line":40,"column":null}},"15":{"start":{"line":43,"column":2},"end":{"line":43,"column":null}},"16":{"start":{"line":48,"column":2},"end":{"line":48,"column":null}},"17":{"start":{"line":46,"column":19},"end":{"line":46,"column":23}},"18":{"start":{"line":46,"column":35},"end":{"line":46,"column":46}},"19":{"start":{"line":52,"column":2},"end":{"line":52,"column":null}},"20":{"start":{"line":50,"column":19},"end":{"line":50,"column":29}},"21":{"start":{"line":50,"column":41},"end":{"line":50,"column":52}},"22":{"start":{"line":56,"column":2},"end":{"line":56,"column":null}},"23":{"start":{"line":54,"column":19},"end":{"line":54,"column":25}},"24":{"start":{"line":14,"column":13},"end":{"line":57,"column":null}}},"fnMap":{"0":{"name":"(anonymous_2)","decl":{"start":{"line":46,"column":13},"end":{"line":46,"column":16}},"loc":{"start":{"line":46,"column":19},"end":{"line":46,"column":23}}},"1":{"name":"(anonymous_3)","decl":{"start":{"line":46,"column":25},"end":{"line":46,"column":26}},"loc":{"start":{"line":46,"column":35},"end":{"line":46,"column":46}}},"2":{"name":"(anonymous_4)","decl":{"start":{"line":50,"column":13},"end":{"line":50,"column":16}},"loc":{"start":{"line":50,"column":19},"end":{"line":50,"column":29}}},"3":{"name":"(anonymous_5)","decl":{"start":{"line":50,"column":31},"end":{"line":50,"column":32}},"loc":{"start":{"line":50,"column":41},"end":{"line":50,"column":52}}},"4":{"name":"(anonymous_6)","decl":{"start":{"line":54,"column":13},"end":{"line":54,"column":16}},"loc":{"start":{"line":54,"column":19},"end":{"line":54,"column":25}}}},"branchMap":{},"s":{"0":1,"1":1,"2":1,"3":1,"4":1,"5":1,"6":1,"7":1,"8":1,"9":1,"10":1,"11":1,"12":1,"13":1,"14":1,"15":1,"16":1,"17":0,"18":0,"19":1,"20":0,"21":0,"22":1,"23":0,"24":1},"f":{"0":0,"1":0,"2":0,"3":0,"4":0},"b":{}}
[...]
,"D:\\Adv Python\\practice_repo\\connect-drive-full\\backend\\src\\health\\health.module.ts": {"path":"D:\\Adv Python\\practice_repo\\connect-drive-full\\backend\\src\\health\\health.module.ts","statementMap":{"0":{"start":{"line":1,"column":0},"end":{"line":1,"column":40}},"1":{"start":{"line":2,"column":0},"end":{"line":2,"column":55}},"2":{"start":{"line":7,"column":7},"end":{"line":7,"column":null}},"3":{"start":{"line":7,"column":13},"end":{"line":7,"column":25}},"4":{"start":{"line":7,"column":13},"end":{"line":7,"column":null}}},"fnMap":{},"branchMap":{},"s":{"0":0,"1":0,"2":0,"3":0,"4":0},"f":{},"b":{}}
,"D:\\Adv Python\\practice_repo\\connect-drive-full\\backend\\src\\minio\\mock-download.controller.ts": {"path":"D:\\Adv Python\\practice_repo\\connect-drive-full\\backend\\src\\minio\\mock-download.controller.ts","statementMap":{"0":{"start":{"line":1,"column":0},"end":{"line":1,"column":null}},"1":{"start":{"line":10,"column":0},"end":{"line":10,"column":60}},"2":{"start":{"line":13,"column":7},"end":{"line":43,"column":null}},"3":{"start":{"line":14,"column":22},"end":{"line":14,"column":42}},"4":{"start":{"line":21,"column":4},"end":{"line":41,"column":5}},"5":{"start":{"line":22,"column":25},"end":{"line":22,"column":61}},"6":{"start":{"line":24,"column":6},"end":{"line":26,"column":7}},"7":{"start":{"line":25,"column":8},"end":{"line":25,"column":70}},"8":{"start":{"line":29,"column":6},"end":{"line":29,"column":64}},"9":{"start":{"line":30,"column":6},"end":{"line":30,"column":57}},"10":{"start":{"line":31,"column":6},"end":{"line":31,"column":76}},"11":{"start":{"line":33,"column":6},"end":{"line":33,"column":27}},"12":{"start":{"line":35,"column":6},"end":{"line":35,"column":51}},"13":{"start":{"line":36,"column":6},"end":{"line":40,"column":7}},"14":{"start":{"line":37,"column":8},"end":{"line":37,"column":72}},"15":{"start":{"line":39,"column":8},"end":{"line":39,"column":88}},"16":{"start":{"line":13,"column":13},"end":{"line":13,"column":35}},"17":{"start":{"line":17,"column":8},"end":{"line":42,"column":null}},"18":{"start":{"line":13,"column":13},"end":{"line":43,"column":null}}},"fnMap":{"0":{"name":"(anonymous_4)","decl":{"start":{"line":14,"column":2},"end":{"line":14,"column":22}},"loc":{"start":{"line":14,"column":60},"end":{"line":14,"column":64}}},"1":{"name":"(anonymous_5)","decl":{"start":{"line":17,"column":2},"end":{"line":17,"column":7}},"loc":{"start":{"line":19,"column":24},"end":{"line":42,"column":3}}}},"branchMap":{"0":{"loc":{"start":{"line":24,"column":6},"end":{"line":26,"column":7}},"type":"if","locations":[{"start":{"line":24,"column":6},"end":{"line":26,"column":7}}]},"1":{"loc":{"start":{"line":36,"column":6},"end":{"line":40,"column":7}},"type":"if","locations":[{"start":{"line":36,"column":6},"end":{"line":40,"column":7}},{"start":{"line":38,"column":13},"end":{"line":40,"column":7}}]}},"s":{"0":0,"1":0,"2":0,"3":0,"4":0,"5":0,"6":0,"7":0,"8":0,"9":0,"10":0,"11":0,"12":0,"13":0,"14":0,"15":0,"16":0,"17":0,"18":0},"f":{"0":0,"1":0},"b":{"0":[0],"1":[0,0]}}
,"D:\\Adv Python\\practice_repo\\connect-drive-full\\backend\\src\\minio\\mock-storage.service.ts": {"path":"D:\\Adv Python\\practice_repo\\connect-drive-full\\backend\\src\\minio\\mock-storage.service.ts","statementMap":{"0":{"start":{"line":1,"column":0},"end":{"line":1,"column":44}},"1":{"start":{"line":4,"column":7},"end":{"line":28,"column":null}},"2":{"start":{"line":5,"column":26},"end":{"line":5,"column":51}},"3":{"start":{"line":8,"column":4},"end":{"line":8,"column":40}},"4":{"start":{"line":9,"column":4},"end":{"line":9,"column":78}},"5":{"start":{"line":13,"column":4},"end":{"line":13,"column":39}},"6":{"start":{"line":17,"column":4},"end":{"line":17,"column":42}},"7":{"start":{"line":21,"column":4},"end":{"line":21,"column":49}},"8":{"start":{"line":25,"column":19},"end":{"line":25,"column":46}},"9":{"start":{"line":26,"column":4},"end":{"line":26,"column":38}},"10":{"start":{"line":4,"column":13},"end":{"line":4,"column":31}},"11":{"start":{"line":4,"column":13},"end":{"line":28,"column":null}}},"fnMap":{"0":{"name":"(anonymous_1)","decl":{"start":{"line":7,"column":2},"end":{"line":7,"column":11}},"loc":{"start":{"line":7,"column":39},"end":{"line":10,"column":3}}},"1":{"name":"(anonymous_2)","decl":{"start":{"line":12,"column":2},"end":{"line":12,"column":9}},"loc":{"start":{"line":12,"column":21},"end":{"line":14,"column":3}}},"2":{"name":"(anonymous_3)","decl":{"start":{"line":16,"column":2},"end":{"line":16,"column":12}},"loc":{"start":{"line":16,"column":24},"end":{"line":18,"column":3}}},"3":{"name":"(anonymous_4)","decl":{"start":{"line":20,"column":2},"end":{"line":20,"column":11}},"loc":{"start":{"line":20,"column":11},"end":{"line":22,"column":3}}},"4":{"name":"(anonymous_5)","decl":{"start":{"line":24,"column":2},"end":{"line":24,"column":13}},"loc":{"start":{"line":24,"column":25},"end":{"line":27,"column":3}}}},"branchMap":{"0":{"loc":{"start":{"line":26,"column":11},"end":{"line":26,"column":37}},"type":"cond-expr","locations":[{"start":{"line":26,"column":20},"end":{"line":26,"column":33}},{"start":{"line":26,"column":36},"end":{"line":26,"column":37}}]}},"s":{"0":0,"1":0,"2":0,"3":0,"4":0,"5":0,"6":0,"7":0,"8":0,"9":0,"10":0,"11":0},"f":{"0":0,"1":0,"2":0,"3":0,"4":0},"b":{"0":[0,0]}}
,"D:\\Adv Python\\practice_repo\\connect-drive-full\\backend\\src\\minio\\mock-upload.controller.ts": {"path":"D:\\Adv Python\\practice_repo\\connect-drive-full\\backend\\src\\minio\\mock-upload.controller.ts","statementMap":{"0":{"start":{"line":1,"column":0},"end":{"line":1,"column":null}},"1":{"start":{"line":10,"column":0},"end":{"line":10,"column":60}},"2":{"start":{"line":13,"column":7},"end":{"line":46,"column":null}},"3":{"start":{"line":14,"column":22},"end":{"line":14,"column":42}},"4":{"start":{"line":22,"column":4},"end":{"line":44,"column":5}},"5":{"start":{"line":24,"column":31},"end":{"line":24,"column":33}},"6":{"start":{"line":26,"column":6},"end":{"line":28,"column":9}},"7":{"start":{"line":27,"column":8},"end":{"line":27,"column":27}},"8":{"start":{"line":30,"column":6},"end":{"line":35,"column":9}},"9":{"start":{"line":31,"column":27},"end":{"line":31,"column":48}},"10":{"start":{"line":32,"column":8},"end":{"line":32,"column":59}},"11":{"start":{"line":33,"column":8},"end":{"line":33,"column":95}},"12":{"start":{"line":34,"column":8},"end":{"line":34,"column":78}},"13":{"start":{"line":37,"column":6},"end":{"line":40,"column":9}},"14":{"start":{"line":38,"column":8},"end":{"line":38,"column":51}},"15":{"start":{"line":39,"column":8},"end":{"line":39,"column":86}},"16":{"start":{"line":42,"column":6},"end":{"line":42,"column":49}},"17":{"start":{"line":43,"column":6},"end":{"line":43,"column":84}},"18":{"start":{"line":13,"column":13},"end":{"line":13,"column":33}},"19":{"start":{"line":17,"column":8},"end":{"line":45,"column":null}},"20":{"start":{"line":13,"column":13},"end":{"line":46,"column":null}}},"fnMap":{"0":{"name":"(anonymous_4)","decl":{"start":{"line":14,"column":2},"end":{"line":14,"column":22}},"loc":{"start":{"line":14,"column":60},"end":{"line":14,"column":64}}},"1":{"name":"(anonymous_5)","decl":{"start":{"line":17,"column":2},"end":{"line":17,"column":7}},"loc":{"start":{"line":20,"column":24},"end":{"line":45,"column":3}}},"2":{"name":"(anonymous_6)","decl":{"start":{"line":26,"column":21},"end":{"line":26,"column":22}},"loc":{"start":{"line":26,"column":39},"end":{"line":28,"column":7}}},"3":{"name":"(anonymous_7)","decl":{"start":{"line":30,"column":20},"end":{"line":30,"column":23}},"loc":{"start":{"line":30,"column":25},"end":{"line":35,"column":7}}},"4":{"name":"(anonymous_8)","decl":{"start":{"line":37,"column":22},"end":{"line":37,"column":23}},"loc":{"start":{"line":37,"column":32},"end":{"line":40,"column":7}}}},"branchMap":{},"s":{"0":0,"1":0,"2":0,"3":0,"4":0,"5":0,"6":0,"7":0,"8":0,"9":0,"10":0,"11":0,"12":0,"13":0,"14":0,"15":0,"16":0,"17":0,"18":0,"19":0,"20":0},"f":{"0":0,"1":0,"2":0,"3":0,"4":0},"b":{}}
,"D:\\Adv Python\\practice_repo\\connect-drive-full\\backend\\src\\organizations\\organizations.controller.ts": {"path":"D:\\Adv Python\\practice_repo\\connect-drive-full\\backend\\src\\organizations\\organizations.controller.ts","statementMap":{"0":{"start":{"line":1,"column":0},"end":{"line":1,"column":null}},"1":{"start":{"line":14,"column":0},"end":{"line":14,"column":63}},"2":{"start":{"line":15,"column":0},"end":{"line":15,"column":54}},"3":{"start":{"line":16,"column":0},"end":{"line":16,"column":67}},"4":{"start":{"line":20,"column":7},"end":{"line":99,"column":null}},"5":{"start":{"line":21,"column":22},"end":{"line":21,"column":44}},"6":{"start":{"line":28,"column":4},"end":{"line":28,"column":86}},"7":{"start":{"line":33,"column":4},"end":{"line":33,"column":61}},"8":{"start":{"line":38,"column":22},"end":{"line":38,"column":92}},"9":{"start":{"line":39,"column":4},"end":{"line":41,"column":5}},"10":{"start":{"line":40,"column":6},"end":{"line":40,"column":39}},"11":{"start":{"line":42,"column":4},"end":{"line":42,"column":49}},"12":{"start":{"line":51,"column":21},"end":{"line":51,"column":95}},"13":{"start":{"line":52,"column":4},"end":{"line":54,"column":5}},"14":{"start":{"line":53,"column":6},"end":{"line":53,"column":50}},"15":{"start":{"line":56,"column":4},"end":{"line":61,"column":6}},"16":{"start":{"line":71,"column":21},"end":{"line":71,"column":95}},"17":{"start":{"line":72,"column":4},"end":{"line":74,"column":5}},"18":{"start":{"line":73,"column":6},"end":{"line":73,"column":50}},"19":{"start":{"line":76,"column":4},"end":{"line":81,"column":6}},"20":{"start":{"line":91,"column":21},"end":{"line":91,"column":95}},"21":{"start":{"line":92,"column":4},"end":{"line":94,"column":5}},"22":{"start":{"line":93,"column":6},"end":{"line":93,"column":50}},"23":{"start":{"line":96,"column":4},"end":{"line":96,"column":86}},"24":{"start":{"line":97,"column":4},"end":{"line":97,"column":54}},"25":{"start":{"line":20,"column":13},"end":{"line":20,"column":36}},"26":{"start":{"line":24,"column":8},"end":{"line":29,"column":null}},"27":{"start":{"line":32,"column":8},"end":{"line":34,"column":null}},"28":{"start":{"line":37,"column":8},"end":{"line":43,"column":null}},"29":{"start":{"line":46,"column":8},"end":{"line":62,"column":null}},"30":{"start":{"line":65,"column":8},"end":{"line":82,"column":null}},"31":{"start":{"line":86,"column":8},"end":{"line":98,"column":null}},"32":{"start":{"line":20,"column":13},"end":{"line":99,"column":null}}},"fnMap":{"0":{"name":"(anonymous_4)","decl":{"start":{"line":21,"column":2},"end":{"line":21,"column":22}},"loc":{"start":{"line":21,"column":64},"end":{"line":21,"column":68}}},"1":{"name":"(anonymous_5)","decl":{"start":{"line":24,"column":2},"end":{"line":24,"column":7}},"loc":{"start":{"line":26,"column":23},"end":{"line":29,"column":3}}},"2":{"name":"(anonymous_6)","decl":{"start":{"line":32,"column":2},"end":{"line":32,"column":7}},"loc":{"start":{"line":32,"column":38},"end":{"line":34,"column":3}}},"3":{"name":"(anonymous_7)","decl":{"start":{"line":37,"column":2},"end":{"line":37,"column":7}},"loc":{"start":{"line":37,"column":60},"end":{"line":43,"column":3}}},"4":{"name":"(anonymous_8)","decl":{"start":{"line":46,"column":2},"end":{"line":46,"column":7}},"loc":{"start":{"line":49,"column":23},"end":{"line":62,"column":3}}},"5":{"name":"(anonymous_9)","decl":{"start":{"line":65,"column":2},"end":{"line":65,"column":7}},"loc":{"start":{"line":69,"column":23},"end":{"line":82,"column":3}}},"6":{"name":"(anonymous_10)","decl":{"start":{"line":86,"column":2},"end":{"line":86,"column":7}},"loc":{"start":{"line":89,"column":23},"end":{"line":98,"column":3}}}},"branchMap":{"0":{"loc":{"start":{"line":39,"column":4},"end":{"line":41,"column":5}},"type":"if","locations":[{"start":{"line":39,"column":4},"end":{"line":41,"column":5}}]},"1":{"loc":{"start":{"line":52,"column":4},"end":{"line":54,"column":5}},"type":"if","locations":[{"start":{"line":52,"column":4},"end":{"line":54,"column":5}}]},"2":{"loc":{"start":{"line":52,"column":8},"end":{"line":52,"column":85}},"type":"binary-expr","locations":[{"start":{"line":52,"column":8},"end":{"line":52,"column":17}},{"start":{"line":52,"column":22},"end":{"line":52,"column":51}},{"start":{"line":52,"column":55},"end":{"line":52,"column":84}}]},"3":{"loc":{"start":{"line":59,"column":6},"end":{"line":59,"column":36}},"type":"binary-expr","locations":[{"start":{"line":59,"column":6},"end":{"line":59,"column":15}},{"start":{"line":59,"column":19},"end":{"line":59,"column":36}}]},"4":{"loc":{"start":{"line":72,"column":4},"end":{"line":74,"column":5}},"type":"if","locations":[{"start":{"line":72,"column":4},"end":{"line":74,"column":5}}]},"5":{"loc":{"start":{"line":72,"column":8},"end":{"line":72,"column":85}},"type":"binary-expr","locations":[{"start":{"line":72,"column":8},"end":{"line":72,"column":17}},{"start":{"line":72,"column":22},"end":{"line":72,"column":51}},{"start":{"line":72,"column":55},"end":{"line":72,"column":84}}]},"6":{"loc":{"start":{"line":92,"column":4},"end":{"line":94,"column":5}},"type":"if","locations":[{"start":{"line":92,"column":4},"end":{"line":94,"column":5}}]},"7":{"loc":{"start":{"line":92,"column":8},"end":{"line":92,"column":85}},"type":"binary-expr","locations":[{"start":{"line":92,"column":8},"end":{"line":92,"column":17}},{"start":{"line":92,"column":22},"end":{"line":92,"column":51}},{"start":{"line":92,"column":55},"end":{"line":92,"column":84}}]}},"s":{"0":0,"1":0,"2":0,"3":0,"4":0,"5":0,"6":0,"7":0,"8":0,"9":0,"10":0,"11":0,"12":0,"13":0,"14":0,"15":0,"16":0,"17":0,"18":0,"19":0,"20":0,"21":0,"22":0,"23":0,"24":0,"25":0,"26":0,"27":0,"28":0,"29":0,"30":0,"31":0,"32":0},"f":{"0":0,"1":0,"2":0,"3":0,"4":0,"5":0,"6":0},"b":{"0":[0],"1":[0],"2":[0,0,0],"3":[0,0],"4":[0],"5":[0,0,0],"6":[0],"7":[0,0,0]}}
,"D:\\Adv Python\\practice_repo\\connect-drive-full\\backend\\src\\organizations\\organizations.module.ts": {"path":"D:\\Adv Python\\practice_repo\\connect-drive-full\\backend\\src\\organizations\\organizations.module.ts","statementMap":{"0":{"start":{"line":1,"column":0},"end":{"line":1,"column":40}},"1":{"start":{"line":2,"column":0},"end":{"line":2,"column":48}},"2":{"start":{"line":3,"column":0},"end":{"line":3,"column":62}},"3":{"start":{"line":4,"column":0},"end":{"line":4,"column":75}},"4":{"start":{"line":5,"column":0},"end":{"line":5,"column":52}},"5":{"start":{"line":6,"column":0},"end":{"line":6,"column":63}},"6":{"start":{"line":7,"column":0},"end":{"line":7,"column":69}},"7":{"start":{"line":17,"column":7},"end":{"line":17,"column":null}},"8":{"start":{"line":17,"column":13},"end":{"line":17,"column":32}},"9":{"start":{"line":17,"column":13},"end":{"line":17,"column":null}}},"fnMap":{},"branchMap":{},"s":{"0":0,"1":0,"2":0,"3":0,"4":0,"5":0,"6":0,"7":0,"8":0,"9":0},"f":{},"b":{}}
,"D:\\Adv Python\\practice_repo\\connect-drive-full\\backend\\src\\worker\\worker.controller.ts": {"path":"D:\\Adv Python\\practice_repo\\connect-drive-full\\backend\\src\\worker\\worker.controller.ts","statementMap":{"0":{"start":{"line":1,"column":0},"end":{"line":1,"column":null}},"1":{"start":{"line":11,"column":0},"end":{"line":11,"column":49}},"2":{"start":{"line":12,"column":0},"end":{"line":12,"column":54}},"3":{"start":{"line":16,"column":7},"end":{"line":63,"column":null}},"4":{"start":{"line":17,"column":22},"end":{"line":17,"column":37}},"5":{"start":{"line":23,"column":4},"end":{"line":23,"column":90}},"6":{"start":{"line":24,"column":4},"end":{"line":24,"column":64}},"7":{"start":{"line":31,"column":4},"end":{"line":31,"column":53}},"8":{"start":{"line":32,"column":4},"end":{"line":32,"column":45}},"9":{"start":{"line":41,"column":4},"end":{"line":43,"column":5}},"10":{"start":{"line":42,"column":6},"end":{"line":42,"column":38}},"11":{"start":{"line":44,"column":4},"end":{"line":44,"column":85}},"12":{"start":{"line":45,"column":4},"end":{"line":45,"column":50}},"13":{"start":{"line":53,"column":4},"end":{"line":53,"column":61}},"14":{"start":{"line":61,"column":4},"end":{"line":61,"column":57}},"15":{"start":{"line":16,"column":13},"end":{"line":16,"column":29}},"16":{"start":{"line":20,"column":8},"end":{"line":25,"column":null}},"17":{"start":{"line":28,"column":8},"end":{"line":33,"column":null}},"18":{"start":{"line":36,"column":8},"end":{"line":46,"column":null}},"19":{"start":{"line":49,"column":8},"end":{"line":54,"column":null}},"20":{"start":{"line":57,"column":8},"end":{"line":62,"column":null}},"21":{"start":{"line":16,"column":13},"end":{"line":63,"column":null}}},"fnMap":{"0":{"name":"(anonymous_4)","decl":{"start":{"line":17,"column":2},"end":{"line":17,"column":22}},"loc":{"start":{"line":17,"column":50},"end":{"line":17,"column":54}}},"1":{"name":"(anonymous_5)","decl":{"start":{"line":20,"column":2},"end":{"line":20,"column":7}},"loc":{"start":{"line":21,"column":68},"end":{"line":25,"column":3}}},"2":{"name":"(anonymous_6)","decl":{"start":{"line":28,"column":2},"end":{"line":28,"column":7}},"loc":{"start":{"line":29,"column":73},"end":{"line":33,"column":3}}},"3":{"name":"(anonymous_7)","decl":{"start":{"line":36,"column":2},"end":{"line":36,"column":7}},"loc":{"start":{"line":38,"column":23},"end":{"line":46,"column":3}}},"4":{"name":"(anonymous_8)","decl":{"start":{"line":49,"column":2},"end":{"line":49,"column":7}},"loc":{"start":{"line":51,"column":33},"end":{"line":54,"column":3}}},"5":{"name":"(anonymous_9)","decl":{"start":{"line":57,"column":2},"end":{"line":57,"column":7}},"loc":{"start":{"line":59,"column":71},"end":{"line":62,"column":3}}}},"branchMap":{"0":{"loc":{"start":{"line":41,"column":4},"end":{"line":43,"column":5}},"type":"if","locations":[{"start":{"line":41,"column":4},"end":{"line":43,"column":5}}]},"1":{"loc":{"start":{"line":59,"column":20},"end":{"line":59,"column":71}},"type":"default-arg","locations":[{"start":{"line":59,"column":63},"end":{"line":59,"column":71}}]}},"s":{"0":0,"1":0,"2":0,"3":0,"4":0,"5":0,"6":0,"7":0,"8":0,"9":0,"10":0,"11":0,"12":0,"13":0,"14":0,"15":0,"16":0,"17":0,"18":0,"19":0,"20":0,"21":0},"f":{"0":0,"1":0,"2":0,"3":0,"4":0,"5":0},"b":{"0":[0],"1":[0]}}
,"D:\\Adv Python\\practice_repo\\connect-drive-full\\backend\\src\\worker\\worker.module.ts": {"path":"D:\\Adv Python\\practice_repo\\connect-drive-full\\backend\\src\\worker\\worker.module.ts","statementMap":{"0":{"start":{"line":1,"column":0},"end":{"line":1,"column":40}},"1":{"start":{"line":2,"column":0},"end":{"line":2,"column":49}},"2":{"start":{"line":3,"column":0},"end":{"line":3,"column":55}},"3":{"start":{"line":10,"column":7},"end":{"line":10,"column":null}},"4":{"start":{"line":10,"column":13},"end":{"line":10,"column":25}},"5":{"start":{"line":10,"column":13},"end":{"line":10,"column":null}}},"fnMap":{},"branchMap":{},"s":{"0":0,"1":0,"2":0,"3":0,"4":0,"5":0},"f":{},"b":{}}
}
