TN:
SF:src\__tests__\development-tooling.property.test.ts
FN:12,(anonymous_0)
FN:15,(anonymous_1)
FN:19,(anonymous_2)
FN:20,(anonymous_3)
FN:32,(anonymous_4)
FN:49,(anonymous_5)
FN:64,(anonymous_6)
FN:76,(anonymous_7)
FN:117,(anonymous_8)
FN:128,(anonymous_9)
FN:141,(anonymous_10)
FN:160,(anonymous_11)
FN:161,(anonymous_12)
FN:175,(anonymous_13)
FNF:14
FNH:0
FNDA:0,(anonymous_0)
FNDA:0,(anonymous_1)
FNDA:0,(anonymous_2)
FNDA:0,(anonymous_3)
FNDA:0,(anonymous_4)
FNDA:0,(anonymous_5)
FNDA:0,(anonymous_6)
FNDA:0,(anonymous_7)
FNDA:0,(anonymous_8)
FNDA:0,(anonymous_9)
FNDA:0,(anonymous_10)
FNDA:0,(anonymous_11)
FNDA:0,(anonymous_12)
FNDA:0,(anonymous_13)
DA:9,0
DA:10,0
DA:12,0
DA:15,0
DA:16,0
DA:19,0
DA:20,0
DA:21,0
DA:34,0
DA:35,0
DA:36,0
DA:37,0
DA:41,0
DA:49,0
DA:50,0
DA:54,0
DA:55,0
DA:56,0
DA:57,0
DA:64,0
DA:65,0
DA:78,0
DA:91,0
DA:94,0
DA:95,0
DA:97,0
DA:98,0
DA:100,0
DA:101,0
DA:103,0
DA:104,0
DA:106,0
DA:107,0
DA:109,0
DA:110,0
DA:117,0
DA:118,0
DA:131,0
DA:134,0
DA:141,0
DA:142,0
DA:146,0
DA:152,0
DA:153,0
DA:160,0
DA:161,0
DA:163,0
DA:164,0
DA:167,0
DA:168,0
DA:171,0
DA:172,0
DA:175,0
DA:176,0
DA:177,0
DA:180,0
DA:181,0
DA:184,0
LF:58
LH:0
BRDA:36,0,0,0
BRDA:42,1,0,0
BRDA:42,1,1,0
BRDA:43,2,0,0
BRDA:43,2,1,0
BRDA:44,3,0,0
BRDA:44,3,1,0
BRDA:56,4,0,0
BRDA:87,5,0,0
BRDA:87,5,1,0
BRDA:94,6,0,0
BRDA:97,7,0,0
BRDA:100,8,0,0
BRDA:103,9,0,0
BRDA:106,10,0,0
BRDA:109,11,0,0
BRF:16
BRH:0
end_of_record
TN:
SF:src\auth\auth.service.ts
FN:17,(anonymous_4)
FN:26,(anonymous_5)
FN:57,(anonymous_6)
FN:67,(anonymous_7)
FN:75,(anonymous_8)
FN:95,(anonymous_9)
FN:103,(anonymous_10)
FN:121,(anonymous_11)
FN:125,(anonymous_12)
FN:132,(anonymous_13)
FN:140,(anonymous_14)
FN:180,(anonymous_15)
FNF:12
FNH:8
FNDA:8,(anonymous_4)
FNDA:130,(anonymous_5)
FNDA:34,(anonymous_6)
FNDA:34,(anonymous_7)
FNDA:114,(anonymous_8)
FNDA:0,(anonymous_9)
FNDA:100,(anonymous_10)
FNDA:100,(anonymous_11)
FNDA:0,(anonymous_12)
FNDA:0,(anonymous_13)
FNDA:33,(anonymous_14)
FNDA:0,(anonymous_15)
DA:1,1
DA:2,1
DA:3,1
DA:4,1
DA:5,1
DA:6,1
DA:7,1
DA:9,1
DA:10,1
DA:13,1
DA:15,8
DA:18,8
DA:19,8
DA:20,8
DA:21,8
DA:23,8
DA:28,130
DA:29,130
DA:30,100
DA:34,30
DA:37,13
DA:38,13
DA:46,13
DA:47,13
DA:49,13
DA:50,0
DA:54,13
DA:58,34
DA:59,34
DA:61,34
DA:62,33
DA:64,20
DA:68,34
DA:69,33
DA:70,13
DA:72,20
DA:77,114
DA:82,114
DA:83,114
DA:87,0
DA:88,0
DA:89,0
DA:92,0
DA:96,0
DA:97,0
DA:98,0
DA:100,0
DA:105,100
DA:106,100
DA:110,100
DA:118,100
DA:122,100
DA:127,0
DA:134,0
DA:146,33
DA:152,33
DA:155,33
DA:162,33
DA:163,33
DA:164,33
DA:166,33
DA:168,33
DA:170,33
DA:181,0
LF:64
LH:52
BRDA:29,0,0,100
BRDA:37,1,0,13
BRDA:37,1,1,13
BRDA:47,2,0,0
BRDA:47,2,1,13
BRDA:49,3,0,0
BRDA:59,4,0,0
BRDA:62,5,0,13
BRDA:69,6,0,13
BRDA:82,7,0,114
BRDA:82,8,0,114
BRDA:82,8,1,0
BRDA:82,8,2,0
BRDA:97,9,0,0
BRDA:105,10,0,100
BRDA:162,11,0,0
BRDA:163,12,0,0
BRDA:164,13,0,0
BRF:18
BRH:9
end_of_record
TN:
SF:src\auth\__tests__\auth-login.property.test.ts
FN:17,(anonymous_0)
FN:40,(anonymous_1)
FN:46,(anonymous_2)
FN:75,(anonymous_3)
FN:79,(anonymous_4)
FN:85,(anonymous_5)
FN:90,(anonymous_6)
FN:152,(anonymous_7)
FN:158,(anonymous_8)
FN:160,(anonymous_9)
FN:161,(anonymous_10)
FN:162,(anonymous_11)
FN:187,(anonymous_12)
FN:193,(anonymous_13)
FN:195,(anonymous_14)
FNF:15
FNH:0
FNDA:0,(anonymous_0)
FNDA:0,(anonymous_1)
FNDA:0,(anonymous_2)
FNDA:0,(anonymous_3)
FNDA:0,(anonymous_4)
FNDA:0,(anonymous_5)
FNDA:0,(anonymous_6)
FNDA:0,(anonymous_7)
FNDA:0,(anonymous_8)
FNDA:0,(anonymous_9)
FNDA:0,(anonymous_10)
FNDA:0,(anonymous_11)
FNDA:0,(anonymous_12)
FNDA:0,(anonymous_13)
FNDA:0,(anonymous_14)
DA:1,0
DA:2,0
DA:3,0
DA:4,0
DA:5,0
DA:6,0
DA:7,0
DA:8,0
DA:9,0
DA:17,0
DA:20,0
DA:26,0
DA:34,0
DA:39,0
DA:41,0
DA:42,0
DA:46,0
DA:47,0
DA:69,0
DA:72,0
DA:75,0
DA:76,0
DA:79,0
DA:80,0
DA:85,0
DA:92,0
DA:93,0
DA:104,0
DA:106,0
DA:116,0
DA:117,0
DA:120,0
DA:123,0
DA:124,0
DA:125,0
DA:126,0
DA:127,0
DA:128,0
DA:129,0
DA:132,0
DA:135,0
DA:145,0
DA:152,0
DA:153,0
DA:158,0
DA:160,0
DA:161,0
DA:164,0
DA:165,0
DA:171,0
DA:174,0
DA:179,0
DA:180,0
DA:187,0
DA:188,0
DA:193,0
DA:197,0
DA:200,0
DA:205,0
DA:206,0
LF:60
LH:0
BRDA:41,0,0,0
BRF:1
BRH:0
end_of_record
TN:
SF:src\auth\__tests__\auth-refresh.property.test.ts
FN:16,(anonymous_0)
FN:39,(anonymous_1)
FN:45,(anonymous_2)
FN:74,(anonymous_3)
FN:78,(anonymous_4)
FN:89,(anonymous_5)
FN:176,(anonymous_6)
FN:183,(anonymous_7)
FN:208,(anonymous_8)
FN:215,(anonymous_9)
FN:241,(anonymous_10)
FN:245,(anonymous_11)
FNF:12
FNH:0
FNDA:0,(anonymous_0)
FNDA:0,(anonymous_1)
FNDA:0,(anonymous_2)
FNDA:0,(anonymous_3)
FNDA:0,(anonymous_4)
FNDA:0,(anonymous_5)
FNDA:0,(anonymous_6)
FNDA:0,(anonymous_7)
FNDA:0,(anonymous_8)
FNDA:0,(anonymous_9)
FNDA:0,(anonymous_10)
FNDA:0,(anonymous_11)
DA:1,0
DA:2,0
DA:3,0
DA:4,0
DA:5,0
DA:6,0
DA:7,0
DA:8,0
DA:16,0
DA:19,0
DA:25,0
DA:33,0
DA:38,0
DA:40,0
DA:41,0
DA:45,0
DA:46,0
DA:68,0
DA:71,0
DA:74,0
DA:75,0
DA:78,0
DA:79,0
DA:91,0
DA:102,0
DA:114,0
DA:115,0
DA:122,0
DA:133,0
DA:134,0
DA:137,0
DA:140,0
DA:141,0
DA:142,0
DA:143,0
DA:144,0
DA:145,0
DA:146,0
DA:149,0
DA:155,0
DA:162,0
DA:176,0
DA:177,0
DA:185,0
DA:193,0
DA:196,0
DA:201,0
DA:208,0
DA:209,0
DA:217,0
DA:226,0
DA:229,0
DA:234,0
DA:241,0
DA:242,0
DA:247,0
DA:250,0
DA:255,0
LF:58
LH:0
BRDA:40,0,0,0
BRF:1
BRH:0
end_of_record
TN:
SF:src\auth\__tests__\auth-registration.property.test.ts
FN:16,(anonymous_0)
FN:39,(anonymous_1)
FN:45,(anonymous_2)
FN:74,(anonymous_3)
FN:78,(anonymous_4)
FN:84,(anonymous_5)
FN:85,(anonymous_6)
FN:90,(anonymous_7)
FN:161,(anonymous_8)
FN:167,(anonymous_9)
FN:168,(anonymous_10)
FN:170,(anonymous_11)
FNF:12
FNH:0
FNDA:0,(anonymous_0)
FNDA:0,(anonymous_1)
FNDA:0,(anonymous_2)
FNDA:0,(anonymous_3)
FNDA:0,(anonymous_4)
FNDA:0,(anonymous_5)
FNDA:0,(anonymous_6)
FNDA:0,(anonymous_7)
FNDA:0,(anonymous_8)
FNDA:0,(anonymous_9)
FNDA:0,(anonymous_10)
FNDA:0,(anonymous_11)
DA:1,0
DA:2,0
DA:3,0
DA:4,0
DA:5,0
DA:6,0
DA:7,0
DA:8,0
DA:16,0
DA:19,0
DA:25,0
DA:33,0
DA:38,0
DA:40,0
DA:41,0
DA:45,0
DA:46,0
DA:68,0
DA:71,0
DA:74,0
DA:75,0
DA:78,0
DA:79,0
DA:84,0
DA:85,0
DA:92,0
DA:94,0
DA:105,0
DA:106,0
DA:108,0
DA:118,0
DA:119,0
DA:122,0
DA:125,0
DA:126,0
DA:127,0
DA:128,0
DA:129,0
DA:130,0
DA:131,0
DA:134,0
DA:142,0
DA:145,0
DA:154,0
DA:161,0
DA:162,0
DA:167,0
DA:168,0
DA:172,0
DA:178,0
DA:181,0
DA:186,0
DA:187,0
LF:53
LH:0
BRDA:40,0,0,0
BRDA:85,1,0,0
BRDA:85,1,1,0
BRDA:97,2,0,0
BRDA:97,2,1,0
BRDA:128,3,0,0
BRDA:128,3,1,0
BRDA:137,4,0,0
BRDA:137,4,1,0
BRDA:168,5,0,0
BRDA:168,5,1,0
BRF:11
BRH:0
end_of_record
TN:
SF:src\auth\__tests__\auth-security.property.test.ts
FN:19,(anonymous_0)
FN:42,(anonymous_1)
FN:48,(anonymous_2)
FN:77,(anonymous_3)
FN:81,(anonymous_4)
FN:87,(anonymous_5)
FN:90,(anonymous_6)
FN:98,(anonymous_7)
FN:103,(anonymous_8)
FN:140,(anonymous_9)
FN:147,(anonymous_10)
FN:148,(anonymous_11)
FN:149,(anonymous_12)
FN:155,(anonymous_13)
FN:161,(anonymous_14)
FN:192,(anonymous_15)
FN:201,(anonymous_16)
FN:203,(anonymous_17)
FN:223,(anonymous_18)
FN:224,(anonymous_19)
FN:233,(anonymous_20)
FNF:21
FNH:0
FNDA:0,(anonymous_0)
FNDA:0,(anonymous_1)
FNDA:0,(anonymous_2)
FNDA:0,(anonymous_3)
FNDA:0,(anonymous_4)
FNDA:0,(anonymous_5)
FNDA:0,(anonymous_6)
FNDA:0,(anonymous_7)
FNDA:0,(anonymous_8)
FNDA:0,(anonymous_9)
FNDA:0,(anonymous_10)
FNDA:0,(anonymous_11)
FNDA:0,(anonymous_12)
FNDA:0,(anonymous_13)
FNDA:0,(anonymous_14)
FNDA:0,(anonymous_15)
FNDA:0,(anonymous_16)
FNDA:0,(anonymous_17)
FNDA:0,(anonymous_18)
FNDA:0,(anonymous_19)
FNDA:0,(anonymous_20)
DA:1,0
DA:2,0
DA:3,0
DA:4,0
DA:5,0
DA:6,0
DA:7,0
DA:8,0
DA:9,0
DA:19,0
DA:22,0
DA:28,0
DA:36,0
DA:41,0
DA:43,0
DA:44,0
DA:48,0
DA:49,0
DA:71,0
DA:74,0
DA:77,0
DA:78,0
DA:81,0
DA:82,0
DA:87,0
DA:92,0
DA:95,0
DA:98,0
DA:99,0
DA:100,0
DA:103,0
DA:105,0
DA:110,0
DA:111,0
DA:114,0
DA:117,0
DA:118,0
DA:119,0
DA:122,0
DA:125,0
DA:126,0
DA:129,0
DA:130,0
DA:133,0
DA:140,0
DA:141,0
DA:147,0
DA:148,0
DA:151,0
DA:152,0
DA:154,0
DA:155,0
DA:156,0
DA:157,0
DA:158,0
DA:161,0
DA:163,0
DA:164,0
DA:165,0
DA:168,0
DA:169,0
DA:170,0
DA:176,0
DA:177,0
DA:178,0
DA:179,0
DA:182,0
DA:183,0
DA:184,0
DA:185,0
DA:192,0
DA:196,0
DA:201,0
DA:205,0
DA:206,0
DA:208,0
DA:214,0
DA:215,0
DA:217,0
DA:218,0
DA:219,0
DA:223,0
DA:224,0
DA:225,0
DA:229,0
DA:233,0
DA:235,0
LF:87
LH:0
BRDA:43,0,0,0
BRF:1
BRH:0
end_of_record
TN:
SF:src\auth\entities\refresh-token.entity.ts
FN:24,(anonymous_2)
FNF:1
FNH:0
FNDA:0,(anonymous_2)
DA:1,1
DA:9,1
DA:14,1
DA:16,1
DA:19,1
DA:22,1
DA:24,0
DA:25,1
DA:28,1
DA:31,1
DA:34,1
DA:37,1
DA:40,1
DA:43,1
DA:46,1
LF:15
LH:14
BRF:0
BRH:0
end_of_record
TN:
SF:src\auth\entities\user.entity.ts
FN:40,(anonymous_2)
FN:40,(anonymous_3)
FN:43,(anonymous_4)
FN:43,(anonymous_5)
FN:46,(anonymous_6)
FN:46,(anonymous_7)
FNF:6
FNH:0
FNDA:0,(anonymous_2)
FNDA:0,(anonymous_3)
FNDA:0,(anonymous_4)
FNDA:0,(anonymous_5)
FNDA:0,(anonymous_6)
FNDA:0,(anonymous_7)
DA:1,1
DA:9,1
DA:10,1
DA:11,1
DA:14,1
DA:16,1
DA:19,1
DA:22,1
DA:25,1
DA:28,1
DA:31,1
DA:34,1
DA:37,1
DA:40,0
DA:41,1
DA:43,0
DA:44,1
DA:46,0
DA:47,1
LF:19
LH:16
BRF:0
BRH:0
end_of_record
TN:
SF:src\common\dtos\index.ts
FNF:0
FNH:0
DA:2,0
DA:5,0
DA:8,0
DA:11,0
DA:14,0
DA:17,0
LF:6
LH:0
BRF:0
BRH:0
end_of_record
TN:
SF:src\common\services\error-monitoring.service.ts
FN:24,(anonymous_2)
FN:28,(anonymous_3)
FN:71,(anonymous_4)
FN:75,(anonymous_5)
FN:87,(anonymous_6)
FNF:5
FNH:0
FNDA:0,(anonymous_2)
FNDA:0,(anonymous_3)
FNDA:0,(anonymous_4)
FNDA:0,(anonymous_5)
FNDA:0,(anonymous_6)
DA:1,0
DA:20,0
DA:21,0
DA:25,0
DA:40,0
DA:51,0
DA:61,0
DA:62,0
DA:64,0
DA:66,0
DA:72,0
DA:78,0
DA:95,0
LF:13
LH:0
BRDA:30,0,0,0
BRDA:43,1,0,0
BRDA:43,1,1,0
BRDA:61,2,0,0
BRDA:96,3,0,0
BRDA:96,3,1,0
BRDA:97,4,0,0
BRDA:97,4,1,0
BRDA:100,5,0,0
BRDA:100,5,1,0
BRF:10
BRH:0
end_of_record
TN:
SF:src\files\files.module.ts
FNF:0
FNH:0
DA:1,0
DA:2,0
DA:3,0
DA:4,0
DA:5,0
DA:6,0
DA:7,0
DA:8,0
DA:9,0
DA:10,0
DA:11,0
DA:12,0
DA:13,0
DA:14,0
DA:15,0
DA:16,0
DA:17,0
DA:18,0
DA:19,0
DA:20,0
DA:51,0
LF:21
LH:0
BRF:0
BRH:0
end_of_record
TN:
SF:src\files\entities\file.entity.ts
FN:56,(anonymous_2)
FN:56,(anonymous_3)
FN:60,(anonymous_4)
FN:60,(anonymous_5)
FN:64,(anonymous_6)
FN:64,(anonymous_7)
FN:67,(anonymous_8)
FN:67,(anonymous_9)
FN:70,(anonymous_10)
FN:70,(anonymous_11)
FNF:10
FNH:0
FNDA:0,(anonymous_2)
FNDA:0,(anonymous_3)
FNDA:0,(anonymous_4)
FNDA:0,(anonymous_5)
FNDA:0,(anonymous_6)
FNDA:0,(anonymous_7)
FNDA:0,(anonymous_8)
FNDA:0,(anonymous_9)
FNDA:0,(anonymous_10)
FNDA:0,(anonymous_11)
DA:1,1
DA:11,1
DA:12,1
DA:13,1
DA:14,1
DA:15,1
DA:18,1
DA:20,1
DA:23,1
DA:26,1
DA:29,1
DA:32,1
DA:35,1
DA:38,1
DA:41,1
DA:44,1
DA:47,1
DA:50,1
DA:53,1
DA:56,0
DA:58,1
DA:60,0
DA:62,1
DA:64,0
DA:65,1
DA:67,0
DA:68,1
DA:70,0
DA:71,1
LF:29
LH:24
BRF:0
BRH:0
end_of_record
TN:
SF:src\files\entities\folder.entity.ts
FN:41,(anonymous_2)
FN:41,(anonymous_3)
FN:45,(anonymous_4)
FN:45,(anonymous_5)
FN:49,(anonymous_6)
FN:49,(anonymous_7)
FN:52,(anonymous_8)
FN:52,(anonymous_9)
FNF:8
FNH:0
FNDA:0,(anonymous_2)
FNDA:0,(anonymous_3)
FNDA:0,(anonymous_4)
FNDA:0,(anonymous_5)
FNDA:0,(anonymous_6)
FNDA:0,(anonymous_7)
FNDA:0,(anonymous_8)
FNDA:0,(anonymous_9)
DA:1,1
DA:11,1
DA:12,1
DA:15,1
DA:17,1
DA:20,1
DA:23,1
DA:26,1
DA:29,1
DA:32,1
DA:35,1
DA:38,1
DA:41,0
DA:43,1
DA:45,0
DA:47,1
DA:49,0
DA:50,1
DA:52,0
DA:53,1
LF:20
LH:16
BRF:0
BRH:0
end_of_record
TN:
SF:src\files\entities\recycle.entity.ts
FN:48,(anonymous_2)
FN:48,(anonymous_3)
FN:52,(anonymous_4)
FNF:3
FNH:0
FNDA:0,(anonymous_2)
FNDA:0,(anonymous_3)
FNDA:0,(anonymous_4)
DA:1,1
DA:9,1
DA:10,1
DA:13,1
DA:15,1
DA:18,1
DA:21,1
DA:24,1
DA:27,1
DA:30,1
DA:33,1
DA:36,1
DA:39,1
DA:42,1
DA:45,1
DA:48,0
DA:50,1
DA:52,0
DA:54,1
LF:19
LH:17
BRF:0
BRH:0
end_of_record
TN:
SF:src\files\entities\share.entity.ts
FN:46,(anonymous_2)
FN:46,(anonymous_3)
FN:50,(anonymous_4)
FN:50,(anonymous_5)
FN:54,(anonymous_6)
FNF:5
FNH:0
FNDA:0,(anonymous_2)
FNDA:0,(anonymous_3)
FNDA:0,(anonymous_4)
FNDA:0,(anonymous_5)
FNDA:0,(anonymous_6)
DA:1,1
DA:9,1
DA:10,1
DA:11,1
DA:14,1
DA:16,1
DA:19,1
DA:22,1
DA:25,1
DA:28,1
DA:31,1
DA:34,1
DA:37,1
DA:40,1
DA:43,1
DA:46,0
DA:48,1
DA:50,0
DA:52,1
DA:54,0
DA:56,1
LF:21
LH:18
BRF:0
BRH:0
end_of_record
TN:
SF:src\files\entities\version.entity.ts
FN:41,(anonymous_2)
FN:41,(anonymous_3)
FNF:2
FNH:0
FNDA:0,(anonymous_2)
FNDA:0,(anonymous_3)
DA:1,1
DA:9,1
DA:12,1
DA:14,1
DA:17,1
DA:20,1
DA:23,1
DA:26,1
DA:29,1
DA:32,1
DA:35,1
DA:38,1
DA:41,0
DA:43,1
LF:14
LH:13
BRF:0
BRH:0
end_of_record
TN:
SF:src\health\health.controller.ts
FN:6,(anonymous_2)
FN:11,(anonymous_3)
FNF:2
FNH:0
FNDA:0,(anonymous_2)
FNDA:0,(anonymous_3)
DA:1,0
DA:4,0
DA:6,0
DA:7,0
DA:11,0
DA:12,0
LF:6
LH:0
BRF:0
BRH:0
end_of_record
TN:
SF:src\health\health.module.ts
FNF:0
FNH:0
DA:1,0
DA:2,0
DA:7,0
LF:3
LH:0
BRF:0
BRH:0
end_of_record
TN:
SF:src\minio\mock-download.controller.ts
FN:14,(anonymous_4)
FN:17,(anonymous_5)
FNF:2
FNH:0
FNDA:0,(anonymous_4)
FNDA:0,(anonymous_5)
DA:1,0
DA:10,0
DA:13,0
DA:14,0
DA:17,0
DA:21,0
DA:22,0
DA:24,0
DA:25,0
DA:29,0
DA:30,0
DA:31,0
DA:33,0
DA:35,0
DA:36,0
DA:37,0
DA:39,0
LF:17
LH:0
BRDA:24,0,0,0
BRDA:36,1,0,0
BRDA:36,1,1,0
BRF:3
BRH:0
end_of_record
TN:
SF:src\minio\mock-storage.service.ts
FN:7,(anonymous_1)
FN:12,(anonymous_2)
FN:16,(anonymous_3)
FN:20,(anonymous_4)
FN:24,(anonymous_5)
FNF:5
FNH:0
FNDA:0,(anonymous_1)
FNDA:0,(anonymous_2)
FNDA:0,(anonymous_3)
FNDA:0,(anonymous_4)
FNDA:0,(anonymous_5)
DA:1,0
DA:4,0
DA:5,0
DA:8,0
DA:9,0
DA:13,0
DA:17,0
DA:21,0
DA:25,0
DA:26,0
LF:10
LH:0
BRDA:26,0,0,0
BRDA:26,0,1,0
BRF:2
BRH:0
end_of_record
TN:
SF:src\minio\mock-upload.controller.ts
FN:14,(anonymous_4)
FN:17,(anonymous_5)
FN:26,(anonymous_6)
FN:30,(anonymous_7)
FN:37,(anonymous_8)
FNF:5
FNH:0
FNDA:0,(anonymous_4)
FNDA:0,(anonymous_5)
FNDA:0,(anonymous_6)
FNDA:0,(anonymous_7)
FNDA:0,(anonymous_8)
DA:1,0
DA:10,0
DA:13,0
DA:14,0
DA:17,0
DA:22,0
DA:24,0
DA:26,0
DA:27,0
DA:30,0
DA:31,0
DA:32,0
DA:33,0
DA:34,0
DA:37,0
DA:38,0
DA:39,0
DA:42,0
DA:43,0
LF:19
LH:0
BRF:0
BRH:0
end_of_record
TN:
SF:src\organizations\organizations.controller.ts
FN:21,(anonymous_4)
FN:24,(anonymous_5)
FN:32,(anonymous_6)
FN:37,(anonymous_7)
FN:46,(anonymous_8)
FN:65,(anonymous_9)
FN:86,(anonymous_10)
FNF:7
FNH:0
FNDA:0,(anonymous_4)
FNDA:0,(anonymous_5)
FNDA:0,(anonymous_6)
FNDA:0,(anonymous_7)
FNDA:0,(anonymous_8)
FNDA:0,(anonymous_9)
FNDA:0,(anonymous_10)
DA:1,0
DA:14,0
DA:15,0
DA:16,0
DA:20,0
DA:21,0
DA:24,0
DA:28,0
DA:32,0
DA:33,0
DA:37,0
DA:38,0
DA:39,0
DA:40,0
DA:42,0
DA:46,0
DA:51,0
DA:52,0
DA:53,0
DA:56,0
DA:65,0
DA:71,0
DA:72,0
DA:73,0
DA:76,0
DA:86,0
DA:91,0
DA:92,0
DA:93,0
DA:96,0
DA:97,0
LF:31
LH:0
BRDA:39,0,0,0
BRDA:52,1,0,0
BRDA:52,2,0,0
BRDA:52,2,1,0
BRDA:52,2,2,0
BRDA:59,3,0,0
BRDA:59,3,1,0
BRDA:72,4,0,0
BRDA:72,5,0,0
BRDA:72,5,1,0
BRDA:72,5,2,0
BRDA:92,6,0,0
BRDA:92,7,0,0
BRDA:92,7,1,0
BRDA:92,7,2,0
BRF:15
BRH:0
end_of_record
TN:
SF:src\organizations\organizations.module.ts
FNF:0
FNH:0
DA:1,0
DA:2,0
DA:3,0
DA:4,0
DA:5,0
DA:6,0
DA:7,0
DA:17,0
LF:8
LH:0
BRF:0
BRH:0
end_of_record
TN:
SF:src\worker\worker.controller.ts
FN:17,(anonymous_4)
FN:20,(anonymous_5)
FN:28,(anonymous_6)
FN:36,(anonymous_7)
FN:49,(anonymous_8)
FN:57,(anonymous_9)
FNF:6
FNH:0
FNDA:0,(anonymous_4)
FNDA:0,(anonymous_5)
FNDA:0,(anonymous_6)
FNDA:0,(anonymous_7)
FNDA:0,(anonymous_8)
FNDA:0,(anonymous_9)
DA:1,0
DA:11,0
DA:12,0
DA:16,0
DA:17,0
DA:20,0
DA:23,0
DA:24,0
DA:28,0
DA:31,0
DA:32,0
DA:36,0
DA:41,0
DA:42,0
DA:44,0
DA:45,0
DA:49,0
DA:53,0
DA:57,0
DA:61,0
LF:20
LH:0
BRDA:41,0,0,0
BRDA:59,1,0,0
BRF:2
BRH:0
end_of_record
TN:
SF:src\worker\worker.module.ts
FNF:0
FNH:0
DA:1,0
DA:2,0
DA:3,0
DA:10,0
LF:4
LH:0
BRF:0
BRH:0
end_of_record
